packer-templates git:(master) ✗ packer build -only=virtualbox-iso application-server-local-iso.json
virtualbox-iso output will be in this color.

==> virtualbox-iso: Downloading or copying Guest additions
    virtualbox-iso: Downloading or copying: file:///Applications/VirtualBox.app/Contents/MacOS/VBoxGuestAdditions.iso
==> virtualbox-iso: Downloading or copying ISO
    virtualbox-iso: Downloading or copying: file:///Volumes/DISK_IMG/ubuntu-14.04.4-server-amd64.iso
==> virtualbox-iso: Starting HTTP server on port 8291
==> virtualbox-iso: Creating virtual machine...
==> virtualbox-iso: Creating hard drive...
==> virtualbox-iso: Creating forwarded port mapping for communicator (SSH, WinRM, etc) (host port 3196)
==> virtualbox-iso: Executing custom VBoxManage commands...
    virtualbox-iso: Executing: modifyvm ubuntu-14.04.4-server-amd64 --memory 1024
    virtualbox-iso: Executing: modifyvm ubuntu-14.04.4-server-amd64 --cpus 2
==> virtualbox-iso: Starting the virtual machine...
==> virtualbox-iso: Waiting 10s for boot...
==> virtualbox-iso: Typing the boot command...
==> virtualbox-iso: Waiting for SSH to become available...
==> virtualbox-iso: Connected to SSH!
==> virtualbox-iso: Uploading VirtualBox version info (5.0.26)
==> virtualbox-iso: Uploading VirtualBox guest additions ISO...
==> virtualbox-iso: Provisioning with shell script: scripts/update.sh
    virtualbox-iso: Ign http://us.archive.ubuntu.com trusty InRelease
    virtualbox-iso: Get:1 http://security.ubuntu.com trusty-security InRelease [65.9 kB]
    virtualbox-iso: Hit http://us.archive.ubuntu.com trusty-updates InRelease
    virtualbox-iso: Get:2 http://security.ubuntu.com trusty-security/main Sources [120 kB]
    virtualbox-iso: Get:3 http://us.archive.ubuntu.com trusty-backports InRelease [65.9 kB]
    virtualbox-iso: Get:4 http://security.ubuntu.com trusty-security/restricted Sources [4,064 B]
    virtualbox-iso: Get:5 http://us.archive.ubuntu.com trusty Release.gpg [933 B]
    virtualbox-iso: Get:6 http://security.ubuntu.com trusty-security/universe Sources [41.4 kB]
    virtualbox-iso: Get:7 http://security.ubuntu.com trusty-security/multiverse Sources [2,760 B]
    virtualbox-iso: Get:8 http://us.archive.ubuntu.com trusty-updates/main Sources [380 kB]
    virtualbox-iso: Get:9 http://security.ubuntu.com trusty-security/main amd64 Packages [524 kB]
    virtualbox-iso: Get:10 http://us.archive.ubuntu.com trusty-updates/restricted Sources [5,360 B]
    virtualbox-iso: Get:11 http://us.archive.ubuntu.com trusty-updates/universe Sources [164 kB]
    virtualbox-iso: Get:12 http://security.ubuntu.com trusty-security/restricted amd64 Packages [13.0 kB]
    virtualbox-iso: Get:13 http://us.archive.ubuntu.com trusty-updates/multiverse Sources [7,137 B]
    virtualbox-iso: Get:14 http://us.archive.ubuntu.com trusty-updates/main amd64 Packages [890 kB]
    virtualbox-iso: Get:15 http://security.ubuntu.com trusty-security/universe amd64 Packages [136 kB]
    virtualbox-iso: Get:16 http://security.ubuntu.com trusty-security/multiverse amd64 Packages [4,990 B]
    virtualbox-iso: Get:17 http://security.ubuntu.com trusty-security/main i386 Packages [487 kB]
    virtualbox-iso: Get:18 http://us.archive.ubuntu.com trusty-updates/restricted amd64 Packages [15.9 kB]
    virtualbox-iso: Get:19 http://security.ubuntu.com trusty-security/restricted i386 Packages [12.7 kB]
    virtualbox-iso: Get:20 http://security.ubuntu.com trusty-security/universe i386 Packages [136 kB]
    virtualbox-iso: Get:21 http://us.archive.ubuntu.com trusty-updates/universe amd64 Packages [373 kB]
    virtualbox-iso: Get:22 http://security.ubuntu.com trusty-security/multiverse i386 Packages [5,178 B]
    virtualbox-iso: Hit http://security.ubuntu.com trusty-security/main Translation-en
    virtualbox-iso: Get:23 http://us.archive.ubuntu.com trusty-updates/multiverse amd64 Packages [14.8 kB]
    virtualbox-iso: Get:24 http://security.ubuntu.com trusty-security/multiverse Translation-en [2,570 B]
    virtualbox-iso: Get:25 http://us.archive.ubuntu.com trusty-updates/main i386 Packages [851 kB]
    virtualbox-iso: Get:26 http://security.ubuntu.com trusty-security/restricted Translation-en [3,206 B]
    virtualbox-iso: Hit http://security.ubuntu.com trusty-security/universe Translation-en
    virtualbox-iso: Get:27 http://us.archive.ubuntu.com trusty-updates/restricted i386 Packages [15.6 kB]
    virtualbox-iso: Get:28 http://us.archive.ubuntu.com trusty-updates/universe i386 Packages [375 kB]
    virtualbox-iso: Get:29 http://us.archive.ubuntu.com trusty-updates/multiverse i386 Packages [15.2 kB]
    virtualbox-iso: Get:30 http://us.archive.ubuntu.com trusty-updates/main Translation-en [431 kB]
    virtualbox-iso: Get:31 http://us.archive.ubuntu.com trusty-updates/multiverse Translation-en [7,661 B]
    virtualbox-iso: Get:32 http://us.archive.ubuntu.com trusty-updates/restricted Translation-en [3,699 B]
    virtualbox-iso: Get:33 http://us.archive.ubuntu.com trusty-updates/universe Translation-en [197 kB]
    virtualbox-iso: Get:34 http://us.archive.ubuntu.com trusty-backports/main Sources [9,592 B]
    virtualbox-iso: Get:35 http://us.archive.ubuntu.com trusty-backports/restricted Sources [28 B]
    virtualbox-iso: Get:36 http://us.archive.ubuntu.com trusty-backports/universe Sources [35.2 kB]
    virtualbox-iso: Get:37 http://us.archive.ubuntu.com trusty-backports/multiverse Sources [1,898 B]
    virtualbox-iso: Get:38 http://us.archive.ubuntu.com trusty-backports/main amd64 Packages [13.3 kB]
    virtualbox-iso: Get:39 http://us.archive.ubuntu.com trusty-backports/restricted amd64 Packages [28 B]
    virtualbox-iso: Get:40 http://us.archive.ubuntu.com trusty-backports/universe amd64 Packages [43.2 kB]
    virtualbox-iso: Get:41 http://us.archive.ubuntu.com trusty-backports/multiverse amd64 Packages [1,571 B]
    virtualbox-iso: Get:42 http://us.archive.ubuntu.com trusty-backports/main i386 Packages [13.3 kB]
    virtualbox-iso: Get:43 http://us.archive.ubuntu.com trusty-backports/restricted i386 Packages [28 B]
    virtualbox-iso: Get:44 http://us.archive.ubuntu.com trusty-backports/universe i386 Packages [43.2 kB]
    virtualbox-iso: Get:45 http://us.archive.ubuntu.com trusty-backports/multiverse i386 Packages [1,552 B]
    virtualbox-iso: Get:46 http://us.archive.ubuntu.com trusty-backports/main Translation-en [7,493 B]
    virtualbox-iso: Get:47 http://us.archive.ubuntu.com trusty-backports/multiverse Translation-en [1,215 B]
    virtualbox-iso: Get:48 http://us.archive.ubuntu.com trusty-backports/restricted Translation-en [28 B]
    virtualbox-iso: Get:49 http://us.archive.ubuntu.com trusty-backports/universe Translation-en [36.8 kB]
    virtualbox-iso: Get:50 http://us.archive.ubuntu.com trusty Release [58.5 kB]
    virtualbox-iso: Get:51 http://us.archive.ubuntu.com trusty/main Sources [1,064 kB]
    virtualbox-iso: Get:52 http://us.archive.ubuntu.com trusty/restricted Sources [5,433 B]
    virtualbox-iso: Get:53 http://us.archive.ubuntu.com trusty/universe Sources [6,399 kB]
    virtualbox-iso: Get:54 http://us.archive.ubuntu.com trusty/multiverse Sources [174 kB]
    virtualbox-iso: Get:55 http://us.archive.ubuntu.com trusty/main amd64 Packages [1,350 kB]
    virtualbox-iso: Get:56 http://us.archive.ubuntu.com trusty/restricted amd64 Packages [13.0 kB]
    virtualbox-iso: Get:57 http://us.archive.ubuntu.com trusty/universe amd64 Packages [5,859 kB]
    virtualbox-iso: Get:58 http://us.archive.ubuntu.com trusty/multiverse amd64 Packages [132 kB]
    virtualbox-iso: Get:59 http://us.archive.ubuntu.com trusty/main i386 Packages [1,348 kB]
    virtualbox-iso: Get:60 http://us.archive.ubuntu.com trusty/restricted i386 Packages [13.4 kB]
    virtualbox-iso: Get:61 http://us.archive.ubuntu.com trusty/universe i386 Packages [5,866 kB]
    virtualbox-iso: Get:62 http://us.archive.ubuntu.com trusty/multiverse i386 Packages [134 kB]
    virtualbox-iso: Get:63 http://us.archive.ubuntu.com trusty/main Translation-en [762 kB]
    virtualbox-iso: Get:64 http://us.archive.ubuntu.com trusty/multiverse Translation-en [102 kB]
    virtualbox-iso: Get:65 http://us.archive.ubuntu.com trusty/restricted Translation-en [3,457 B]
    virtualbox-iso: Get:66 http://us.archive.ubuntu.com trusty/universe Translation-en [4,089 kB]
    virtualbox-iso: Ign http://us.archive.ubuntu.com trusty/main Translation-en_US
    virtualbox-iso: Ign http://us.archive.ubuntu.com trusty/multiverse Translation-en_US
    virtualbox-iso: Ign http://us.archive.ubuntu.com trusty/restricted Translation-en_US
    virtualbox-iso: Ign http://us.archive.ubuntu.com trusty/universe Translation-en_US
    virtualbox-iso: Fetched 33.0 MB in 2min 19s (237 kB/s)
    virtualbox-iso: Reading package lists...
    virtualbox-iso: Reading package lists...
    virtualbox-iso: Building dependency tree...
    virtualbox-iso: Reading state information...
    virtualbox-iso: The following packages have been kept back:
    virtualbox-iso: linux-generic-lts-wily linux-headers-generic-lts-wily
    virtualbox-iso: linux-image-generic-lts-wily
    virtualbox-iso: The following packages will be upgraded:
    virtualbox-iso: apt apt-transport-https apt-utils base-files bash-completion bind9-host
    virtualbox-iso: biosdevname ca-certificates coreutils cpio dnsutils dosfstools dpkg gnupg
    virtualbox-iso: gpgv ifupdown initramfs-tools initramfs-tools-bin isc-dhcp-client
    virtualbox-iso: isc-dhcp-common klibc-utils libapt-inst1.5 libapt-pkg4.12 libbind9-90
    virtualbox-iso: libc-bin libcurl3-gnutls libdns100 libdrm2 libexpat1 libgcrypt11
    virtualbox-iso: libgnutls-openssl27 libgnutls26 libidn11 libisc95 libisccc90 libisccfg90
    virtualbox-iso: libklibc libldap-2.4-2 liblwres90 libnl-3-200 libnl-genl-3-200 libnuma1
    virtualbox-iso: libpam-modules libpam-modules-bin libpam-runtime libpam-systemd libpam0g
    virtualbox-iso: libpcre3 libsystemd-daemon0 libsystemd-login0 libtasn1-6 libudev1 libxml2
    virtualbox-iso: linux-firmware lsb-base lsb-release multiarch-support openssl perl perl-base
    virtualbox-iso: perl-modules python3-update-manager systemd-services tzdata udev
    virtualbox-iso: update-manager-core usbutils wget
    virtualbox-iso: 68 upgraded, 0 newly installed, 0 to remove and 3 not upgraded.
    virtualbox-iso: Need to get 54.3 MB of archives.
    virtualbox-iso: After this operation, 37.0 MB of additional disk space will be used.
    virtualbox-iso: Get:1 http://us.archive.ubuntu.com/ubuntu/ trusty-updates/main base-files amd64 7.2ubuntu5.5 [67.5 kB]
    virtualbox-iso: Get:2 http://us.archive.ubuntu.com/ubuntu/ trusty-updates/main coreutils amd64 8.21-1ubuntu5.4 [1,091 kB]
    virtualbox-iso: Get:3 http://us.archive.ubuntu.com/ubuntu/ trusty-updates/main dpkg amd64 1.17.5ubuntu5.7 [1,956 kB]
    virtualbox-iso: Get:4 http://us.archive.ubuntu.com/ubuntu/ trusty-updates/main perl amd64 5.18.2-2ubuntu1.1 [2,648 kB]
    virtualbox-iso: Get:5 http://us.archive.ubuntu.com/ubuntu/ trusty-updates/main perl-base amd64 5.18.2-2ubuntu1.1 [1,146 kB]
    virtualbox-iso: Get:6 http://us.archive.ubuntu.com/ubuntu/ trusty-updates/main perl-modules all 5.18.2-2ubuntu1.1 [2,673 kB]
    virtualbox-iso: Get:7 http://us.archive.ubuntu.com/ubuntu/ trusty-updates/main libapt-pkg4.12 amd64 1.0.1ubuntu2.14 [638 kB]
    virtualbox-iso: Get:8 http://us.archive.ubuntu.com/ubuntu/ trusty-updates/main gpgv amd64 1.4.16-1ubuntu2.4 [161 kB]
    virtualbox-iso: Get:9 http://us.archive.ubuntu.com/ubuntu/ trusty-updates/main gnupg amd64 1.4.16-1ubuntu2.4 [611 kB]
    virtualbox-iso: Get:10 http://us.archive.ubuntu.com/ubuntu/ trusty-updates/main apt amd64 1.0.1ubuntu2.14 [955 kB]
    virtualbox-iso: Get:11 http://us.archive.ubuntu.com/ubuntu/ trusty-updates/main libc-bin amd64 2.19-0ubuntu6.9 [1,165 kB]
    virtualbox-iso: Get:12 http://us.archive.ubuntu.com/ubuntu/ trusty-updates/main libpam0g amd64 1.1.8-1ubuntu2.2 [56.1 kB]
    virtualbox-iso: Get:13 http://us.archive.ubuntu.com/ubuntu/ trusty-updates/main libpam-modules-bin amd64 1.1.8-1ubuntu2.2 [31.2 kB]
    virtualbox-iso: Get:14 http://us.archive.ubuntu.com/ubuntu/ trusty-updates/main libpam-modules amd64 1.1.8-1ubuntu2.2 [234 kB]
    virtualbox-iso: Get:15 http://us.archive.ubuntu.com/ubuntu/ trusty-updates/main libpcre3 amd64 1:8.31-2ubuntu2.3 [144 kB]
    virtualbox-iso: Get:16 http://us.archive.ubuntu.com/ubuntu/ trusty-updates/main libapt-inst1.5 amd64 1.0.1ubuntu2.14 [58.6 kB]
    virtualbox-iso: Get:17 http://us.archive.ubuntu.com/ubuntu/ trusty-updates/main libexpat1 amd64 2.1.0-4ubuntu1.3 [71.1 kB]
    virtualbox-iso: Get:18 http://us.archive.ubuntu.com/ubuntu/ trusty-updates/main libgcrypt11 amd64 1.5.3-2ubuntu4.4 [238 kB]
    virtualbox-iso: Get:19 http://us.archive.ubuntu.com/ubuntu/ trusty-updates/main libtasn1-6 amd64 3.4-3ubuntu0.4 [43.6 kB]
    virtualbox-iso: Get:20 http://us.archive.ubuntu.com/ubuntu/ trusty-updates/main libgnutls-openssl27 amd64 2.12.23-12ubuntu2.5 [18.4 kB]
    virtualbox-iso: Get:21 http://us.archive.ubuntu.com/ubuntu/ trusty-updates/main libgnutls26 amd64 2.12.23-12ubuntu2.5 [393 kB]
    virtualbox-iso: Get:22 http://us.archive.ubuntu.com/ubuntu/ trusty-updates/main libdrm2 amd64 2.4.67-1ubuntu0.14.04.1 [27.1 kB]
    virtualbox-iso: Get:23 http://us.archive.ubuntu.com/ubuntu/ trusty-updates/main lsb-base all 4.1+Debian11ubuntu6.1 [13.0 kB]
    virtualbox-iso: Get:24 http://us.archive.ubuntu.com/ubuntu/ trusty-updates/main udev amd64 204-5ubuntu20.19 [735 kB]
    virtualbox-iso: Get:25 http://us.archive.ubuntu.com/ubuntu/ trusty-updates/main libudev1 amd64 204-5ubuntu20.19 [33.8 kB]
    virtualbox-iso: Get:26 http://us.archive.ubuntu.com/ubuntu/ trusty-updates/main bash-completion all 1:2.1-4ubuntu0.2 [153 kB]
    virtualbox-iso: Get:27 http://us.archive.ubuntu.com/ubuntu/ trusty-updates/main libidn11 amd64 1.28-1ubuntu2.1 [94.4 kB]
    virtualbox-iso: Get:28 http://us.archive.ubuntu.com/ubuntu/ trusty-updates/main libldap-2.4-2 amd64 2.4.31-1+nmu2ubuntu8.3 [153 kB]
    virtualbox-iso: Get:29 http://us.archive.ubuntu.com/ubuntu/ trusty-updates/main libcurl3-gnutls amd64 7.35.0-1ubuntu2.9 [165 kB]
    virtualbox-iso: Get:30 http://us.archive.ubuntu.com/ubuntu/ trusty-updates/main libnuma1 amd64 2.0.9~rc5-1ubuntu3.14.04.2 [20.5 kB]
    virtualbox-iso: Get:31 http://us.archive.ubuntu.com/ubuntu/ trusty-updates/main libpam-systemd amd64 204-5ubuntu20.19 [25.5 kB]
    virtualbox-iso: Get:32 http://us.archive.ubuntu.com/ubuntu/ trusty-updates/main systemd-services amd64 204-5ubuntu20.19 [197 kB]
    virtualbox-iso: Get:33 http://us.archive.ubuntu.com/ubuntu/ trusty-updates/main libsystemd-daemon0 amd64 204-5ubuntu20.19 [10.2 kB]
    virtualbox-iso: Get:34 http://us.archive.ubuntu.com/ubuntu/ trusty-updates/main libpam-runtime all 1.1.8-1ubuntu2.2 [37.8 kB]
    virtualbox-iso: Get:35 http://us.archive.ubuntu.com/ubuntu/ trusty-updates/main libsystemd-login0 amd64 204-5ubuntu20.19 [27.2 kB]
    virtualbox-iso: Get:36 http://us.archive.ubuntu.com/ubuntu/ trusty-updates/main libxml2 amd64 2.9.1+dfsg1-3ubuntu4.8 [573 kB]
    virtualbox-iso: Get:37 http://us.archive.ubuntu.com/ubuntu/ trusty-updates/main libnl-genl-3-200 amd64 3.2.21-1ubuntu3 [10.2 kB]
    virtualbox-iso: Get:38 http://us.archive.ubuntu.com/ubuntu/ trusty-updates/main libnl-3-200 amd64 3.2.21-1ubuntu3 [45.7 kB]
    virtualbox-iso: Get:39 http://us.archive.ubuntu.com/ubuntu/ trusty-updates/main multiarch-support amd64 2.19-0ubuntu6.9 [4,484 B]
    virtualbox-iso: Get:40 http://us.archive.ubuntu.com/ubuntu/ trusty-updates/main tzdata all 2016f-0ubuntu0.14.04 [166 kB]
    virtualbox-iso: Get:41 http://us.archive.ubuntu.com/ubuntu/ trusty-updates/main apt-utils amd64 1.0.1ubuntu2.14 [172 kB]
    virtualbox-iso: Get:42 http://us.archive.ubuntu.com/ubuntu/ trusty-updates/main ifupdown amd64 0.7.47.2ubuntu4.4 [53.1 kB]
    virtualbox-iso: Get:43 http://us.archive.ubuntu.com/ubuntu/ trusty-updates/main isc-dhcp-client amd64 4.2.4-7ubuntu12.6 [639 kB]
    virtualbox-iso: Get:44 http://us.archive.ubuntu.com/ubuntu/ trusty-updates/main isc-dhcp-common amd64 4.2.4-7ubuntu12.6 [708 kB]
    virtualbox-iso: Get:45 http://us.archive.ubuntu.com/ubuntu/ trusty-updates/main lsb-release all 4.1+Debian11ubuntu6.1 [11.5 kB]
    virtualbox-iso: Get:46 http://us.archive.ubuntu.com/ubuntu/ trusty-updates/main cpio amd64 2.11+dfsg-1ubuntu1.2 [73.8 kB]
    virtualbox-iso: Get:47 http://us.archive.ubuntu.com/ubuntu/ trusty-updates/main klibc-utils amd64 2.0.3-0ubuntu1.14.04.1 [107 kB]
    virtualbox-iso: Get:48 http://us.archive.ubuntu.com/ubuntu/ trusty-updates/main libklibc amd64 2.0.3-0ubuntu1.14.04.1 [40.8 kB]
    virtualbox-iso: Get:49 http://us.archive.ubuntu.com/ubuntu/ trusty-updates/main initramfs-tools all 0.103ubuntu4.4 [44.5 kB]
    virtualbox-iso: Get:50 http://us.archive.ubuntu.com/ubuntu/ trusty-updates/main initramfs-tools-bin amd64 0.103ubuntu4.4 [9,134 B]
    virtualbox-iso: Get:51 http://us.archive.ubuntu.com/ubuntu/ trusty-updates/main apt-transport-https amd64 1.0.1ubuntu2.14 [25.0 kB]
    virtualbox-iso: Get:52 http://us.archive.ubuntu.com/ubuntu/ trusty-updates/main bind9-host amd64 1:9.9.5.dfsg-3ubuntu0.8 [46.3 kB]
    virtualbox-iso: Get:53 http://us.archive.ubuntu.com/ubuntu/ trusty-updates/main dnsutils amd64 1:9.9.5.dfsg-3ubuntu0.8 [96.9 kB]
    virtualbox-iso: Get:54 http://us.archive.ubuntu.com/ubuntu/ trusty-updates/main libisc95 amd64 1:9.9.5.dfsg-3ubuntu0.8 [147 kB]
    virtualbox-iso: Get:55 http://us.archive.ubuntu.com/ubuntu/ trusty-updates/main libdns100 amd64 1:9.9.5.dfsg-3ubuntu0.8 [645 kB]
    virtualbox-iso: Get:56 http://us.archive.ubuntu.com/ubuntu/ trusty-updates/main libisccc90 amd64 1:9.9.5.dfsg-3ubuntu0.8 [15.7 kB]
    virtualbox-iso: Get:57 http://us.archive.ubuntu.com/ubuntu/ trusty-updates/main libisccfg90 amd64 1:9.9.5.dfsg-3ubuntu0.8 [36.2 kB]
    virtualbox-iso: Get:58 http://us.archive.ubuntu.com/ubuntu/ trusty-updates/main liblwres90 amd64 1:9.9.5.dfsg-3ubuntu0.8 [32.8 kB]
    virtualbox-iso: Get:59 http://us.archive.ubuntu.com/ubuntu/ trusty-updates/main libbind9-90 amd64 1:9.9.5.dfsg-3ubuntu0.8 [22.0 kB]
    virtualbox-iso: Get:60 http://us.archive.ubuntu.com/ubuntu/ trusty-updates/main openssl amd64 1.0.1f-1ubuntu2.19 [490 kB]
    virtualbox-iso: Get:61 http://us.archive.ubuntu.com/ubuntu/ trusty-updates/main ca-certificates all 20160104ubuntu0.14.04.1 [190 kB]
    virtualbox-iso: Get:62 http://us.archive.ubuntu.com/ubuntu/ trusty-updates/main dosfstools amd64 3.0.26-1ubuntu0.1 [60.1 kB]
    virtualbox-iso: Get:63 http://us.archive.ubuntu.com/ubuntu/ trusty-updates/main python3-update-manager all 1:0.196.21 [32.0 kB]
    virtualbox-iso: Get:64 http://us.archive.ubuntu.com/ubuntu/ trusty-updates/main update-manager-core all 1:0.196.21 [8,210 B]
    virtualbox-iso: Get:65 http://us.archive.ubuntu.com/ubuntu/ trusty-updates/main usbutils amd64 1:007-2ubuntu1.1 [205 kB]
    virtualbox-iso: Get:66 http://us.archive.ubuntu.com/ubuntu/ trusty-updates/main wget amd64 1.15-1ubuntu1.14.04.2 [271 kB]
    virtualbox-iso: Get:67 http://us.archive.ubuntu.com/ubuntu/ trusty-updates/main biosdevname amd64 0.4.1-0ubuntu6.3 [20.3 kB]
    virtualbox-iso: Get:68 http://us.archive.ubuntu.com/ubuntu/ trusty-updates/main linux-firmware all 1.127.22 [33.2 MB]
    virtualbox-iso: Get:69 http://us.archive.ubuntu.com/ubuntu/ trusty-updates/main linux-firmware all 1.127.22 [33.2 MB]
    virtualbox-iso: [sudo] password for vagrant: debconf: unable to initialize frontend: Dialog
    virtualbox-iso: debconf: (Dialog frontend will not work on a dumb terminal, an emacs shell buffer, or without a controlling terminal.)
    virtualbox-iso: debconf: falling back to frontend: Readline
    virtualbox-iso: debconf: unable to initialize frontend: Readline
    virtualbox-iso: debconf: (This frontend requires a controlling tty.)
    virtualbox-iso: debconf: falling back to frontend: Teletype
    virtualbox-iso: dpkg-preconfigure: unable to re-open stdin:
    virtualbox-iso: Fetched 33.8 MB in 7min 32s (74.7 kB/s)
    virtualbox-iso: (Reading database ... 62962 files and directories currently installed.)
    virtualbox-iso: Preparing to unpack .../base-files_7.2ubuntu5.5_amd64.deb ...
    virtualbox-iso: Unpacking base-files (7.2ubuntu5.5) over (7.2ubuntu5.4) ...
    virtualbox-iso: Processing triggers for plymouth-theme-ubuntu-text (0.8.8-0ubuntu17.1) ...
    virtualbox-iso: update-initramfs: deferring update (trigger activated)
    virtualbox-iso: Processing triggers for install-info (5.2.0.dfsg.1-2) ...
    virtualbox-iso: Processing triggers for man-db (2.6.7.1-1ubuntu1) ...
    virtualbox-iso: Processing triggers for initramfs-tools (0.103ubuntu4.2) ...
    virtualbox-iso: update-initramfs: Generating /boot/initrd.img-4.2.0-27-generic
    virtualbox-iso: Setting up base-files (7.2ubuntu5.5) ...
    virtualbox-iso: Installing new version of config file /etc/issue ...
    virtualbox-iso: Installing new version of config file /etc/issue.net ...
    virtualbox-iso: Installing new version of config file /etc/lsb-release ...
    virtualbox-iso: Installing new version of config file /etc/os-release ...
    virtualbox-iso: Processing triggers for plymouth-theme-ubuntu-text (0.8.8-0ubuntu17.1) ...
    virtualbox-iso: update-initramfs: deferring update (trigger activated)
    virtualbox-iso: Processing triggers for initramfs-tools (0.103ubuntu4.2) ...
    virtualbox-iso: update-initramfs: Generating /boot/initrd.img-4.2.0-27-generic
    virtualbox-iso: (Reading database ... 62962 files and directories currently installed.)
    virtualbox-iso: Preparing to unpack .../coreutils_8.21-1ubuntu5.4_amd64.deb ...
    virtualbox-iso: Unpacking coreutils (8.21-1ubuntu5.4) over (8.21-1ubuntu5.3) ...
    virtualbox-iso: Processing triggers for install-info (5.2.0.dfsg.1-2) ...
    virtualbox-iso: Processing triggers for man-db (2.6.7.1-1ubuntu1) ...
    virtualbox-iso: Setting up coreutils (8.21-1ubuntu5.4) ...
    virtualbox-iso: (Reading database ... 62962 files and directories currently installed.)
    virtualbox-iso: Preparing to unpack .../dpkg_1.17.5ubuntu5.7_amd64.deb ...
    virtualbox-iso: Unpacking dpkg (1.17.5ubuntu5.7) over (1.17.5ubuntu5.5) ...
    virtualbox-iso: Processing triggers for man-db (2.6.7.1-1ubuntu1) ...
    virtualbox-iso: Setting up dpkg (1.17.5ubuntu5.7) ...
    virtualbox-iso: (Reading database ... 62962 files and directories currently installed.)
    virtualbox-iso: Preparing to unpack .../perl_5.18.2-2ubuntu1.1_amd64.deb ...
    virtualbox-iso: Unpacking perl (5.18.2-2ubuntu1.1) over (5.18.2-2ubuntu1) ...
    virtualbox-iso: Preparing to unpack .../perl-base_5.18.2-2ubuntu1.1_amd64.deb ...
    virtualbox-iso: Unpacking perl-base (5.18.2-2ubuntu1.1) over (5.18.2-2ubuntu1) ...
    virtualbox-iso: Processing triggers for man-db (2.6.7.1-1ubuntu1) ...
    virtualbox-iso: Setting up perl-base (5.18.2-2ubuntu1.1) ...
    virtualbox-iso: (Reading database ... 62962 files and directories currently installed.)
    virtualbox-iso: Preparing to unpack .../perl-modules_5.18.2-2ubuntu1.1_all.deb ...
    virtualbox-iso: Unpacking perl-modules (5.18.2-2ubuntu1.1) over (5.18.2-2ubuntu1) ...
    virtualbox-iso: Preparing to unpack .../libapt-pkg4.12_1.0.1ubuntu2.14_amd64.deb ...
    virtualbox-iso: Unpacking libapt-pkg4.12:amd64 (1.0.1ubuntu2.14) over (1.0.1ubuntu2.11) ...
    virtualbox-iso: Setting up libapt-pkg4.12:amd64 (1.0.1ubuntu2.14) ...
    virtualbox-iso: Processing triggers for libc-bin (2.19-0ubuntu6.7) ...
    virtualbox-iso: (Reading database ... 62962 files and directories currently installed.)
    virtualbox-iso: Preparing to unpack .../gpgv_1.4.16-1ubuntu2.4_amd64.deb ...
    virtualbox-iso: Unpacking gpgv (1.4.16-1ubuntu2.4) over (1.4.16-1ubuntu2.3) ...
    virtualbox-iso: Processing triggers for man-db (2.6.7.1-1ubuntu1) ...
    virtualbox-iso: Setting up gpgv (1.4.16-1ubuntu2.4) ...
    virtualbox-iso: (Reading database ... 62962 files and directories currently installed.)
    virtualbox-iso: Preparing to unpack .../gnupg_1.4.16-1ubuntu2.4_amd64.deb ...
    virtualbox-iso: Unpacking gnupg (1.4.16-1ubuntu2.4) over (1.4.16-1ubuntu2.3) ...
    virtualbox-iso: Processing triggers for install-info (5.2.0.dfsg.1-2) ...
    virtualbox-iso: Processing triggers for man-db (2.6.7.1-1ubuntu1) ...
    virtualbox-iso: Setting up gnupg (1.4.16-1ubuntu2.4) ...
    virtualbox-iso: (Reading database ... 62962 files and directories currently installed.)
    virtualbox-iso: Preparing to unpack .../apt_1.0.1ubuntu2.14_amd64.deb ...
    virtualbox-iso: Unpacking apt (1.0.1ubuntu2.14) over (1.0.1ubuntu2.11) ...
    virtualbox-iso: Processing triggers for man-db (2.6.7.1-1ubuntu1) ...
    virtualbox-iso: Setting up apt (1.0.1ubuntu2.14) ...
    virtualbox-iso: Processing triggers for libc-bin (2.19-0ubuntu6.7) ...
    virtualbox-iso: (Reading database ... 62962 files and directories currently installed.)
    virtualbox-iso: Preparing to unpack .../libc-bin_2.19-0ubuntu6.9_amd64.deb ...
    virtualbox-iso: Unpacking libc-bin (2.19-0ubuntu6.9) over (2.19-0ubuntu6.7) ...
    virtualbox-iso: Processing triggers for man-db (2.6.7.1-1ubuntu1) ...
    virtualbox-iso: Setting up libc-bin (2.19-0ubuntu6.9) ...
    virtualbox-iso: (Reading database ... 62961 files and directories currently installed.)
    virtualbox-iso: Preparing to unpack .../libpam0g_1.1.8-1ubuntu2.2_amd64.deb ...
    virtualbox-iso: Unpacking libpam0g:amd64 (1.1.8-1ubuntu2.2) over (1.1.8-1ubuntu2) ...
    virtualbox-iso: Setting up libpam0g:amd64 (1.1.8-1ubuntu2.2) ...
    virtualbox-iso: debconf: unable to initialize frontend: Dialog
    virtualbox-iso: debconf: (Dialog frontend will not work on a dumb terminal, an emacs shell buffer, or without a controlling terminal.)
    virtualbox-iso: debconf: falling back to frontend: Readline
    virtualbox-iso: debconf: unable to initialize frontend: Readline
    virtualbox-iso: debconf: (This frontend requires a controlling tty.)
    virtualbox-iso: debconf: falling back to frontend: Teletype
    virtualbox-iso: Processing triggers for libc-bin (2.19-0ubuntu6.9) ...
    virtualbox-iso: (Reading database ... 62961 files and directories currently installed.)
    virtualbox-iso: Preparing to unpack .../libpam-modules-bin_1.1.8-1ubuntu2.2_amd64.deb ...
    virtualbox-iso: Unpacking libpam-modules-bin (1.1.8-1ubuntu2.2) over (1.1.8-1ubuntu2) ...
    virtualbox-iso: Processing triggers for man-db (2.6.7.1-1ubuntu1) ...
    virtualbox-iso: Setting up libpam-modules-bin (1.1.8-1ubuntu2.2) ...
    virtualbox-iso: (Reading database ... 62961 files and directories currently installed.)
    virtualbox-iso: Preparing to unpack .../libpam-modules_1.1.8-1ubuntu2.2_amd64.deb ...
    virtualbox-iso: debconf: unable to initialize frontend: Dialog
    virtualbox-iso: debconf: (Dialog frontend will not work on a dumb terminal, an emacs shell buffer, or without a controlling terminal.)
    virtualbox-iso: debconf: falling back to frontend: Readline
    virtualbox-iso: debconf: unable to initialize frontend: Readline
    virtualbox-iso: debconf: (This frontend requires a controlling tty.)
    virtualbox-iso: debconf: falling back to frontend: Teletype
    virtualbox-iso: Unpacking libpam-modules:amd64 (1.1.8-1ubuntu2.2) over (1.1.8-1ubuntu2) ...
    virtualbox-iso: Processing triggers for man-db (2.6.7.1-1ubuntu1) ...
    virtualbox-iso: Setting up libpam-modules:amd64 (1.1.8-1ubuntu2.2) ...
    virtualbox-iso: (Reading database ... 62961 files and directories currently installed.)
    virtualbox-iso: Preparing to unpack .../libpcre3_1%3a8.31-2ubuntu2.3_amd64.deb ...
    virtualbox-iso: Unpacking libpcre3:amd64 (1:8.31-2ubuntu2.3) over (1:8.31-2ubuntu2.1) ...
    virtualbox-iso: Processing triggers for man-db (2.6.7.1-1ubuntu1) ...
    virtualbox-iso: Setting up libpcre3:amd64 (1:8.31-2ubuntu2.3) ...
    virtualbox-iso: Processing triggers for libc-bin (2.19-0ubuntu6.9) ...
    virtualbox-iso: (Reading database ... 62961 files and directories currently installed.)
    virtualbox-iso: Preparing to unpack .../libapt-inst1.5_1.0.1ubuntu2.14_amd64.deb ...
    virtualbox-iso: Unpacking libapt-inst1.5:amd64 (1.0.1ubuntu2.14) over (1.0.1ubuntu2.11) ...
    virtualbox-iso: Preparing to unpack .../libexpat1_2.1.0-4ubuntu1.3_amd64.deb ...
    virtualbox-iso: Unpacking libexpat1:amd64 (2.1.0-4ubuntu1.3) over (2.1.0-4ubuntu1.1) ...
    virtualbox-iso: Preparing to unpack .../libgcrypt11_1.5.3-2ubuntu4.4_amd64.deb ...
    virtualbox-iso: Unpacking libgcrypt11:amd64 (1.5.3-2ubuntu4.4) over (1.5.3-2ubuntu4.3) ...
    virtualbox-iso: Preparing to unpack .../libtasn1-6_3.4-3ubuntu0.4_amd64.deb ...
    virtualbox-iso: Unpacking libtasn1-6:amd64 (3.4-3ubuntu0.4) over (3.4-3ubuntu0.3) ...
    virtualbox-iso: Preparing to unpack .../libgnutls-openssl27_2.12.23-12ubuntu2.5_amd64.deb ...
    virtualbox-iso: Unpacking libgnutls-openssl27:amd64 (2.12.23-12ubuntu2.5) over (2.12.23-12ubuntu2.4) ...
    virtualbox-iso: Preparing to unpack .../libgnutls26_2.12.23-12ubuntu2.5_amd64.deb ...
    virtualbox-iso: Unpacking libgnutls26:amd64 (2.12.23-12ubuntu2.5) over (2.12.23-12ubuntu2.4) ...
    virtualbox-iso: Preparing to unpack .../libdrm2_2.4.67-1ubuntu0.14.04.1_amd64.deb ...
    virtualbox-iso: Unpacking libdrm2:amd64 (2.4.67-1ubuntu0.14.04.1) over (2.4.64-1~ubuntu14.04.1) ...
    virtualbox-iso: Preparing to unpack .../lsb-base_4.1+Debian11ubuntu6.1_all.deb ...
    virtualbox-iso: Unpacking lsb-base (4.1+Debian11ubuntu6.1) over (4.1+Debian11ubuntu6) ...
    virtualbox-iso: Setting up lsb-base (4.1+Debian11ubuntu6.1) ...
    virtualbox-iso: (Reading database ... 62962 files and directories currently installed.)
    virtualbox-iso: Preparing to unpack .../udev_204-5ubuntu20.19_amd64.deb ...
    virtualbox-iso: Adding 'diversion of /bin/udevadm to /bin/udevadm.upgrade by fake-udev'
    virtualbox-iso: Unpacking udev (204-5ubuntu20.19) over (204-5ubuntu20.18) ...
    virtualbox-iso: Preparing to unpack .../libudev1_204-5ubuntu20.19_amd64.deb ...
    virtualbox-iso: Unpacking libudev1:amd64 (204-5ubuntu20.19) over (204-5ubuntu20.18) ...
    virtualbox-iso: Preparing to unpack .../bash-completion_1%3a2.1-4ubuntu0.2_all.deb ...
    virtualbox-iso: Unpacking bash-completion (1:2.1-4ubuntu0.2) over (1:2.1-4ubuntu0.1) ...
    virtualbox-iso: Preparing to unpack .../libidn11_1.28-1ubuntu2.1_amd64.deb ...
    virtualbox-iso: Unpacking libidn11:amd64 (1.28-1ubuntu2.1) over (1.28-1ubuntu2) ...
    virtualbox-iso: Preparing to unpack .../libldap-2.4-2_2.4.31-1+nmu2ubuntu8.3_amd64.deb ...
    virtualbox-iso: Unpacking libldap-2.4-2:amd64 (2.4.31-1+nmu2ubuntu8.3) over (2.4.31-1+nmu2ubuntu8.2) ...
    virtualbox-iso: Preparing to unpack .../libcurl3-gnutls_7.35.0-1ubuntu2.9_amd64.deb ...
    virtualbox-iso: Unpacking libcurl3-gnutls:amd64 (7.35.0-1ubuntu2.9) over (7.35.0-1ubuntu2.6) ...
    virtualbox-iso: Preparing to unpack .../libnuma1_2.0.9~rc5-1ubuntu3.14.04.2_amd64.deb ...
    virtualbox-iso: Unpacking libnuma1:amd64 (2.0.9~rc5-1ubuntu3.14.04.2) over (2.0.9~rc5-1ubuntu3.14.04.1) ...
    virtualbox-iso: Preparing to unpack .../libpam-systemd_204-5ubuntu20.19_amd64.deb ...
    virtualbox-iso: systemd-logind stop/waiting
    virtualbox-iso: Unpacking libpam-systemd:amd64 (204-5ubuntu20.19) over (204-5ubuntu20.18) ...
    virtualbox-iso: Preparing to unpack .../systemd-services_204-5ubuntu20.19_amd64.deb ...
    virtualbox-iso: Unpacking systemd-services (204-5ubuntu20.19) over (204-5ubuntu20.18) ...
    virtualbox-iso: Preparing to unpack .../libsystemd-daemon0_204-5ubuntu20.19_amd64.deb ...
    virtualbox-iso: Unpacking libsystemd-daemon0:amd64 (204-5ubuntu20.19) over (204-5ubuntu20.18) ...
    virtualbox-iso: Preparing to unpack .../libpam-runtime_1.1.8-1ubuntu2.2_all.deb ...
    virtualbox-iso: Unpacking libpam-runtime (1.1.8-1ubuntu2.2) over (1.1.8-1ubuntu2) ...
    virtualbox-iso: Processing triggers for ureadahead (0.100.0-16) ...
    virtualbox-iso: ureadahead will be reprofiled on next reboot
    virtualbox-iso: Processing triggers for man-db (2.6.7.1-1ubuntu1) ...
    virtualbox-iso: Setting up libpam-runtime (1.1.8-1ubuntu2.2) ...
    virtualbox-iso: debconf: unable to initialize frontend: Dialog
    virtualbox-iso: debconf: (Dialog frontend will not work on a dumb terminal, an emacs shell buffer, or without a controlling terminal.)
    virtualbox-iso: debconf: falling back to frontend: Readline
    virtualbox-iso: debconf: unable to initialize frontend: Readline
    virtualbox-iso: debconf: (This frontend requires a controlling tty.)
    virtualbox-iso: debconf: falling back to frontend: Teletype
    virtualbox-iso: (Reading database ... 62963 files and directories currently installed.)
    virtualbox-iso: Preparing to unpack .../libsystemd-login0_204-5ubuntu20.19_amd64.deb ...
    virtualbox-iso: Unpacking libsystemd-login0:amd64 (204-5ubuntu20.19) over (204-5ubuntu20.18) ...
    virtualbox-iso: Preparing to unpack .../libxml2_2.9.1+dfsg1-3ubuntu4.8_amd64.deb ...
    virtualbox-iso: Unpacking libxml2:amd64 (2.9.1+dfsg1-3ubuntu4.8) over (2.9.1+dfsg1-3ubuntu4.7) ...
    virtualbox-iso: Preparing to unpack .../libnl-genl-3-200_3.2.21-1ubuntu3_amd64.deb ...
    virtualbox-iso: Unpacking libnl-genl-3-200:amd64 (3.2.21-1ubuntu3) over (3.2.21-1) ...
    virtualbox-iso: Preparing to unpack .../libnl-3-200_3.2.21-1ubuntu3_amd64.deb ...
    virtualbox-iso: Unpacking libnl-3-200:amd64 (3.2.21-1ubuntu3) over (3.2.21-1) ...
    virtualbox-iso: Preparing to unpack .../multiarch-support_2.19-0ubuntu6.9_amd64.deb ...
    virtualbox-iso: Unpacking multiarch-support (2.19-0ubuntu6.9) over (2.19-0ubuntu6.7) ...
    virtualbox-iso: Setting up multiarch-support (2.19-0ubuntu6.9) ...
    virtualbox-iso: (Reading database ... 62963 files and directories currently installed.)
    virtualbox-iso: Preparing to unpack .../tzdata_2016f-0ubuntu0.14.04_all.deb ...
    virtualbox-iso: Unpacking tzdata (2016f-0ubuntu0.14.04) over (2015g-0ubuntu0.14.04) ...
    virtualbox-iso: Setting up tzdata (2016f-0ubuntu0.14.04) ...
    virtualbox-iso: debconf: unable to initialize frontend: Dialog
    virtualbox-iso: debconf: (Dialog frontend will not work on a dumb terminal, an emacs shell buffer, or without a controlling terminal.)
    virtualbox-iso: debconf: falling back to frontend: Readline
    virtualbox-iso: debconf: unable to initialize frontend: Readline
    virtualbox-iso: debconf: (This frontend requires a controlling tty.)
    virtualbox-iso: debconf: falling back to frontend: Teletype
    virtualbox-iso:
    virtualbox-iso: Current default time zone: 'Etc/UTC'
    virtualbox-iso: Local time is now:      Mon Sep 12 05:24:06 UTC 2016.
    virtualbox-iso: Universal Time is now:  Mon Sep 12 05:24:06 UTC 2016.
    virtualbox-iso: Run 'dpkg-reconfigure tzdata' if you wish to change it.
    virtualbox-iso:
    virtualbox-iso: (Reading database ... 62979 files and directories currently installed.)
    virtualbox-iso: Preparing to unpack .../apt-utils_1.0.1ubuntu2.14_amd64.deb ...
    virtualbox-iso: Unpacking apt-utils (1.0.1ubuntu2.14) over (1.0.1ubuntu2.11) ...
    virtualbox-iso: Preparing to unpack .../ifupdown_0.7.47.2ubuntu4.4_amd64.deb ...
    virtualbox-iso: Unpacking ifupdown (0.7.47.2ubuntu4.4) over (0.7.47.2ubuntu4.3) ...
    virtualbox-iso: Preparing to unpack .../isc-dhcp-client_4.2.4-7ubuntu12.6_amd64.deb ...
    virtualbox-iso: Unpacking isc-dhcp-client (4.2.4-7ubuntu12.6) over (4.2.4-7ubuntu12.4) ...
    virtualbox-iso: Preparing to unpack .../isc-dhcp-common_4.2.4-7ubuntu12.6_amd64.deb ...
    virtualbox-iso: Unpacking isc-dhcp-common (4.2.4-7ubuntu12.6) over (4.2.4-7ubuntu12.4) ...
    virtualbox-iso: Preparing to unpack .../lsb-release_4.1+Debian11ubuntu6.1_all.deb ...
    virtualbox-iso: Unpacking lsb-release (4.1+Debian11ubuntu6.1) over (4.1+Debian11ubuntu6) ...
    virtualbox-iso: Preparing to unpack .../cpio_2.11+dfsg-1ubuntu1.2_amd64.deb ...
    virtualbox-iso: Unpacking cpio (2.11+dfsg-1ubuntu1.2) over (2.11+dfsg-1ubuntu1.1) ...
    virtualbox-iso: Preparing to unpack .../klibc-utils_2.0.3-0ubuntu1.14.04.1_amd64.deb ...
    virtualbox-iso: Unpacking klibc-utils (2.0.3-0ubuntu1.14.04.1) over (2.0.3-0ubuntu1) ...
    virtualbox-iso: Preparing to unpack .../libklibc_2.0.3-0ubuntu1.14.04.1_amd64.deb ...
    virtualbox-iso: Unpacking libklibc (2.0.3-0ubuntu1.14.04.1) over (2.0.3-0ubuntu1) ...
    virtualbox-iso: Preparing to unpack .../initramfs-tools_0.103ubuntu4.4_all.deb ...
    virtualbox-iso: Unpacking initramfs-tools (0.103ubuntu4.4) over (0.103ubuntu4.2) ...
    virtualbox-iso: Preparing to unpack .../initramfs-tools-bin_0.103ubuntu4.4_amd64.deb ...
    virtualbox-iso: Unpacking initramfs-tools-bin (0.103ubuntu4.4) over (0.103ubuntu4.2) ...
    virtualbox-iso: Preparing to unpack .../apt-transport-https_1.0.1ubuntu2.14_amd64.deb ...
    virtualbox-iso: Unpacking apt-transport-https (1.0.1ubuntu2.14) over (1.0.1ubuntu2.11) ...
    virtualbox-iso: Preparing to unpack .../bind9-host_1%3a9.9.5.dfsg-3ubuntu0.8_amd64.deb ...
    virtualbox-iso: Unpacking bind9-host (1:9.9.5.dfsg-3ubuntu0.8) over (1:9.9.5.dfsg-3ubuntu0.7) ...
    virtualbox-iso: Preparing to unpack .../dnsutils_1%3a9.9.5.dfsg-3ubuntu0.8_amd64.deb ...
    virtualbox-iso: Unpacking dnsutils (1:9.9.5.dfsg-3ubuntu0.8) over (1:9.9.5.dfsg-3ubuntu0.7) ...
    virtualbox-iso: Preparing to unpack .../libisc95_1%3a9.9.5.dfsg-3ubuntu0.8_amd64.deb ...
    virtualbox-iso: Unpacking libisc95 (1:9.9.5.dfsg-3ubuntu0.8) over (1:9.9.5.dfsg-3ubuntu0.7) ...
    virtualbox-iso: Preparing to unpack .../libdns100_1%3a9.9.5.dfsg-3ubuntu0.8_amd64.deb ...
    virtualbox-iso: Unpacking libdns100 (1:9.9.5.dfsg-3ubuntu0.8) over (1:9.9.5.dfsg-3ubuntu0.7) ...
    virtualbox-iso: Preparing to unpack .../libisccc90_1%3a9.9.5.dfsg-3ubuntu0.8_amd64.deb ...
    virtualbox-iso: Unpacking libisccc90 (1:9.9.5.dfsg-3ubuntu0.8) over (1:9.9.5.dfsg-3ubuntu0.7) ...
    virtualbox-iso: Preparing to unpack .../libisccfg90_1%3a9.9.5.dfsg-3ubuntu0.8_amd64.deb ...
    virtualbox-iso: Unpacking libisccfg90 (1:9.9.5.dfsg-3ubuntu0.8) over (1:9.9.5.dfsg-3ubuntu0.7) ...
    virtualbox-iso: Preparing to unpack .../liblwres90_1%3a9.9.5.dfsg-3ubuntu0.8_amd64.deb ...
    virtualbox-iso: Unpacking liblwres90 (1:9.9.5.dfsg-3ubuntu0.8) over (1:9.9.5.dfsg-3ubuntu0.7) ...
    virtualbox-iso: Preparing to unpack .../libbind9-90_1%3a9.9.5.dfsg-3ubuntu0.8_amd64.deb ...
    virtualbox-iso: Unpacking libbind9-90 (1:9.9.5.dfsg-3ubuntu0.8) over (1:9.9.5.dfsg-3ubuntu0.7) ...
    virtualbox-iso: Preparing to unpack .../openssl_1.0.1f-1ubuntu2.19_amd64.deb ...
    virtualbox-iso: Unpacking openssl (1.0.1f-1ubuntu2.19) over (1.0.1f-1ubuntu2.16) ...
    virtualbox-iso: Preparing to unpack .../ca-certificates_20160104ubuntu0.14.04.1_all.deb ...
    virtualbox-iso: Unpacking ca-certificates (20160104ubuntu0.14.04.1) over (20141019ubuntu0.14.04.1) ...
    virtualbox-iso: Preparing to unpack .../dosfstools_3.0.26-1ubuntu0.1_amd64.deb ...
    virtualbox-iso: Unpacking dosfstools (3.0.26-1ubuntu0.1) over (3.0.26-1) ...
    virtualbox-iso: Preparing to unpack .../python3-update-manager_1%3a0.196.21_all.deb ...
    virtualbox-iso: Unpacking python3-update-manager (1:0.196.21) over (1:0.196.14) ...
    virtualbox-iso: Preparing to unpack .../update-manager-core_1%3a0.196.21_all.deb ...
    virtualbox-iso: Unpacking update-manager-core (1:0.196.21) over (1:0.196.14) ...
    virtualbox-iso: Preparing to unpack .../usbutils_1%3a007-2ubuntu1.1_amd64.deb ...
    virtualbox-iso: Unpacking usbutils (1:007-2ubuntu1.1) over (1:007-2ubuntu1) ...
    virtualbox-iso: Preparing to unpack .../wget_1.15-1ubuntu1.14.04.2_amd64.deb ...
    virtualbox-iso: Unpacking wget (1.15-1ubuntu1.14.04.2) over (1.15-1ubuntu1.14.04.1) ...
    virtualbox-iso: Preparing to unpack .../biosdevname_0.4.1-0ubuntu6.3_amd64.deb ...
    virtualbox-iso: Unpacking biosdevname (0.4.1-0ubuntu6.3) over (0.4.1-0ubuntu6.2) ...
    virtualbox-iso: Preparing to unpack .../linux-firmware_1.127.22_all.deb ...
    virtualbox-iso: Unpacking linux-firmware (1.127.22) over (1.127.20) ...
    virtualbox-iso: Processing triggers for man-db (2.6.7.1-1ubuntu1) ...
    virtualbox-iso: Processing triggers for ureadahead (0.100.0-16) ...
    virtualbox-iso: Processing triggers for install-info (5.2.0.dfsg.1-2) ...
    virtualbox-iso: Setting up libapt-inst1.5:amd64 (1.0.1ubuntu2.14) ...
    virtualbox-iso: Setting up libexpat1:amd64 (2.1.0-4ubuntu1.3) ...
    virtualbox-iso: Setting up libgcrypt11:amd64 (1.5.3-2ubuntu4.4) ...
    virtualbox-iso: Setting up libtasn1-6:amd64 (3.4-3ubuntu0.4) ...
    virtualbox-iso: Setting up libgnutls26:amd64 (2.12.23-12ubuntu2.5) ...
    virtualbox-iso: Setting up libgnutls-openssl27:amd64 (2.12.23-12ubuntu2.5) ...
    virtualbox-iso: Setting up libdrm2:amd64 (2.4.67-1ubuntu0.14.04.1) ...
    virtualbox-iso: Setting up libudev1:amd64 (204-5ubuntu20.19) ...
    virtualbox-iso: Setting up udev (204-5ubuntu20.19) ...
    virtualbox-iso: udev stop/waiting
    virtualbox-iso: udev start/running, process 25030
    virtualbox-iso: Removing 'diversion of /bin/udevadm to /bin/udevadm.upgrade by fake-udev'
    virtualbox-iso: update-initramfs: deferring update (trigger activated)
    virtualbox-iso: Setting up bash-completion (1:2.1-4ubuntu0.2) ...
    virtualbox-iso: Setting up libidn11:amd64 (1.28-1ubuntu2.1) ...
    virtualbox-iso: Setting up libldap-2.4-2:amd64 (2.4.31-1+nmu2ubuntu8.3) ...
    virtualbox-iso: Setting up libcurl3-gnutls:amd64 (7.35.0-1ubuntu2.9) ...
    virtualbox-iso: Setting up libnuma1:amd64 (2.0.9~rc5-1ubuntu3.14.04.2) ...
    virtualbox-iso: Setting up libsystemd-daemon0:amd64 (204-5ubuntu20.19) ...
    virtualbox-iso: Setting up systemd-services (204-5ubuntu20.19) ...
    virtualbox-iso: Setting up libpam-systemd:amd64 (204-5ubuntu20.19) ...
    virtualbox-iso: debconf: unable to initialize frontend: Dialog
    virtualbox-iso: debconf: (Dialog frontend will not work on a dumb terminal, an emacs shell buffer, or without a controlling terminal.)
    virtualbox-iso: debconf: falling back to frontend: Readline
    virtualbox-iso: debconf: unable to initialize frontend: Readline
    virtualbox-iso: debconf: (This frontend requires a controlling tty.)
    virtualbox-iso: debconf: falling back to frontend: Teletype
    virtualbox-iso: systemd-logind start/running, process 25669
    virtualbox-iso: Setting up libsystemd-login0:amd64 (204-5ubuntu20.19) ...
    virtualbox-iso: Setting up libxml2:amd64 (2.9.1+dfsg1-3ubuntu4.8) ...
    virtualbox-iso: Setting up libnl-3-200:amd64 (3.2.21-1ubuntu3) ...
    virtualbox-iso: Setting up libnl-genl-3-200:amd64 (3.2.21-1ubuntu3) ...
    virtualbox-iso: Setting up apt-utils (1.0.1ubuntu2.14) ...
    virtualbox-iso: Setting up ifupdown (0.7.47.2ubuntu4.4) ...
    virtualbox-iso: Setting up isc-dhcp-common (4.2.4-7ubuntu12.6) ...
    virtualbox-iso: Setting up isc-dhcp-client (4.2.4-7ubuntu12.6) ...
    virtualbox-iso: Installing new version of config file /etc/apparmor.d/sbin.dhclient ...
    virtualbox-iso: debconf: unable to initialize frontend: Dialog
    virtualbox-iso: debconf: (Dialog frontend will not work on a dumb terminal, an emacs shell buffer, or without a controlling terminal.)
    virtualbox-iso: debconf: falling back to frontend: Readline
    virtualbox-iso: debconf: unable to initialize frontend: Readline
    virtualbox-iso: debconf: (This frontend requires a controlling tty.)
    virtualbox-iso: debconf: falling back to frontend: Teletype
    virtualbox-iso: Setting up lsb-release (4.1+Debian11ubuntu6.1) ...
    virtualbox-iso: Setting up cpio (2.11+dfsg-1ubuntu1.2) ...
    virtualbox-iso: Setting up libklibc (2.0.3-0ubuntu1.14.04.1) ...
    virtualbox-iso: Setting up klibc-utils (2.0.3-0ubuntu1.14.04.1) ...
    virtualbox-iso: Setting up initramfs-tools-bin (0.103ubuntu4.4) ...
    virtualbox-iso: Setting up initramfs-tools (0.103ubuntu4.4) ...
    virtualbox-iso: update-initramfs: deferring update (trigger activated)
    virtualbox-iso: Setting up apt-transport-https (1.0.1ubuntu2.14) ...
    virtualbox-iso: Setting up libisc95 (1:9.9.5.dfsg-3ubuntu0.8) ...
    virtualbox-iso: Setting up libdns100 (1:9.9.5.dfsg-3ubuntu0.8) ...
    virtualbox-iso: Setting up libisccc90 (1:9.9.5.dfsg-3ubuntu0.8) ...
    virtualbox-iso: Setting up libisccfg90 (1:9.9.5.dfsg-3ubuntu0.8) ...
    virtualbox-iso: Setting up libbind9-90 (1:9.9.5.dfsg-3ubuntu0.8) ...
    virtualbox-iso: Setting up liblwres90 (1:9.9.5.dfsg-3ubuntu0.8) ...
    virtualbox-iso: Setting up bind9-host (1:9.9.5.dfsg-3ubuntu0.8) ...
    virtualbox-iso: Setting up dnsutils (1:9.9.5.dfsg-3ubuntu0.8) ...
    virtualbox-iso: Setting up openssl (1.0.1f-1ubuntu2.19) ...
    virtualbox-iso: Setting up ca-certificates (20160104ubuntu0.14.04.1) ...
    virtualbox-iso: debconf: unable to initialize frontend: Dialog
    virtualbox-iso: debconf: (Dialog frontend will not work on a dumb terminal, an emacs shell buffer, or without a controlling terminal.)
    virtualbox-iso: debconf: falling back to frontend: Readline
    virtualbox-iso: debconf: unable to initialize frontend: Readline
    virtualbox-iso: debconf: (This frontend requires a controlling tty.)
    virtualbox-iso: debconf: falling back to frontend: Teletype
    virtualbox-iso: Setting up dosfstools (3.0.26-1ubuntu0.1) ...
    virtualbox-iso: Setting up python3-update-manager (1:0.196.21) ...
    virtualbox-iso: Setting up update-manager-core (1:0.196.21) ...
    virtualbox-iso: Setting up usbutils (1:007-2ubuntu1.1) ...
    virtualbox-iso: Setting up wget (1.15-1ubuntu1.14.04.2) ...
    virtualbox-iso: Setting up biosdevname (0.4.1-0ubuntu6.3) ...
    virtualbox-iso: update-initramfs: deferring update (trigger activated)
    virtualbox-iso: Setting up linux-firmware (1.127.22) ...
    virtualbox-iso: Setting up perl-modules (5.18.2-2ubuntu1.1) ...
    virtualbox-iso: Setting up perl (5.18.2-2ubuntu1.1) ...
    virtualbox-iso: Processing triggers for libc-bin (2.19-0ubuntu6.9) ...
    virtualbox-iso: Processing triggers for initramfs-tools (0.103ubuntu4.4) ...
    virtualbox-iso: update-initramfs: Generating /boot/initrd.img-4.2.0-27-generic
    virtualbox-iso: Processing triggers for ca-certificates (20160104ubuntu0.14.04.1) ...
    virtualbox-iso: Updating certificates in /etc/ssl/certs... 19 added, 19 removed; done.
    virtualbox-iso: Running hooks in /etc/ca-certificates/update.d....done.
    virtualbox-iso: Reading package lists...
    virtualbox-iso: Building dependency tree...
    virtualbox-iso: Reading state information...
    virtualbox-iso: linux-headers-4.2.0-27-generic is already the newest version.
    virtualbox-iso: linux-headers-4.2.0-27-generic set to manually installed.
    virtualbox-iso: 0 upgraded, 0 newly installed, 0 to remove and 3 not upgraded.
    virtualbox-iso: Reading package lists...
    virtualbox-iso: Building dependency tree...
    virtualbox-iso: Reading state information...
    virtualbox-iso: 0 upgraded, 0 newly installed, 0 to remove and 3 not upgraded.
    virtualbox-iso: Reading package lists...
    virtualbox-iso: Building dependency tree...
    virtualbox-iso: Reading state information...
    virtualbox-iso: The following extra packages will be installed:
    virtualbox-iso: libcurl3
    virtualbox-iso: The following NEW packages will be installed:
    virtualbox-iso: curl libcurl3
    virtualbox-iso: 0 upgraded, 2 newly installed, 0 to remove and 3 not upgraded.
    virtualbox-iso: Need to get 296 kB of archives.
    virtualbox-iso: After this operation, 873 kB of additional disk space will be used.
    virtualbox-iso: Get:1 http://us.archive.ubuntu.com/ubuntu/ trusty-updates/main libcurl3 amd64 7.35.0-1ubuntu2.9 [173 kB]
    virtualbox-iso: Get:2 http://us.archive.ubuntu.com/ubuntu/ trusty-updates/main curl amd64 7.35.0-1ubuntu2.9 [123 kB]
    virtualbox-iso: debconf: unable to initialize frontend: Dialog
    virtualbox-iso: debconf: (Dialog frontend will not work on a dumb terminal, an emacs shell buffer, or without a controlling terminal.)
    virtualbox-iso: debconf: falling back to frontend: Readline
    virtualbox-iso: debconf: unable to initialize frontend: Readline
    virtualbox-iso: debconf: (This frontend requires a controlling tty.)
    virtualbox-iso: debconf: falling back to frontend: Teletype
    virtualbox-iso: dpkg-preconfigure: unable to re-open stdin:
    virtualbox-iso: Fetched 296 kB in 4s (62.4 kB/s)
    virtualbox-iso: Selecting previously unselected package libcurl3:amd64.
    virtualbox-iso: (Reading database ... 63166 files and directories currently installed.)
    virtualbox-iso: Preparing to unpack .../libcurl3_7.35.0-1ubuntu2.9_amd64.deb ...
    virtualbox-iso: Unpacking libcurl3:amd64 (7.35.0-1ubuntu2.9) ...
    virtualbox-iso: Selecting previously unselected package curl.
    virtualbox-iso: Preparing to unpack .../curl_7.35.0-1ubuntu2.9_amd64.deb ...
    virtualbox-iso: Unpacking curl (7.35.0-1ubuntu2.9) ...
    virtualbox-iso: Processing triggers for man-db (2.6.7.1-1ubuntu1) ...
    virtualbox-iso: Setting up libcurl3:amd64 (7.35.0-1ubuntu2.9) ...
    virtualbox-iso: Setting up curl (7.35.0-1ubuntu2.9) ...
    virtualbox-iso: Processing triggers for libc-bin (2.19-0ubuntu6.9) ...
    virtualbox-iso: Reading package lists...
    virtualbox-iso: Building dependency tree...
    virtualbox-iso: Reading state information...
    virtualbox-iso: rsync is already the newest version.
    virtualbox-iso: 0 upgraded, 0 newly installed, 0 to remove and 3 not upgraded.
    virtualbox-iso: Reading package lists...
    virtualbox-iso: Building dependency tree...
    virtualbox-iso: Reading state information...
    virtualbox-iso: Suggested packages:
    virtualbox-iso: iselect screenie byobu
    virtualbox-iso: The following NEW packages will be installed:
    virtualbox-iso: screen
    virtualbox-iso: 0 upgraded, 1 newly installed, 0 to remove and 3 not upgraded.
    virtualbox-iso: Need to get 646 kB of archives.
    virtualbox-iso: After this operation, 973 kB of additional disk space will be used.
    virtualbox-iso: Get:1 http://us.archive.ubuntu.com/ubuntu/ trusty/main screen amd64 4.1.0~20120320gitdb59704-9 [646 kB]
    virtualbox-iso: debconf: unable to initialize frontend: Dialog
    virtualbox-iso: debconf: (Dialog frontend will not work on a dumb terminal, an emacs shell buffer, or without a controlling terminal.)
    virtualbox-iso: debconf: falling back to frontend: Readline
    virtualbox-iso: debconf: unable to initialize frontend: Readline
    virtualbox-iso: debconf: (This frontend requires a controlling tty.)
    virtualbox-iso: debconf: falling back to frontend: Teletype
    virtualbox-iso: dpkg-preconfigure: unable to re-open stdin:
    virtualbox-iso: Fetched 646 kB in 4s (153 kB/s)
    virtualbox-iso: Selecting previously unselected package screen.
    virtualbox-iso: (Reading database ... 63180 files and directories currently installed.)
    virtualbox-iso: Preparing to unpack .../screen_4.1.0~20120320gitdb59704-9_amd64.deb ...
    virtualbox-iso: Unpacking screen (4.1.0~20120320gitdb59704-9) ...
    virtualbox-iso: Processing triggers for man-db (2.6.7.1-1ubuntu1) ...
    virtualbox-iso: Processing triggers for install-info (5.2.0.dfsg.1-2) ...
    virtualbox-iso: Processing triggers for ureadahead (0.100.0-16) ...
    virtualbox-iso: Setting up screen (4.1.0~20120320gitdb59704-9) ...
    virtualbox-iso: debconf: unable to initialize frontend: Dialog
    virtualbox-iso: debconf: (Dialog frontend will not work on a dumb terminal, an emacs shell buffer, or without a controlling terminal.)
    virtualbox-iso: debconf: falling back to frontend: Readline
    virtualbox-iso: debconf: unable to initialize frontend: Readline
    virtualbox-iso: debconf: (This frontend requires a controlling tty.)
    virtualbox-iso: debconf: falling back to frontend: Teletype
    virtualbox-iso: update-rc.d: warning: default start runlevel arguments (2 3 4 5) do not match screen-cleanup Default-Start values (S)
    virtualbox-iso: update-rc.d: warning: default stop runlevel arguments (0 1 6) do not match screen-cleanup Default-Stop values (none)
    virtualbox-iso: Processing triggers for ureadahead (0.100.0-16) ...
    virtualbox-iso: Installing git
    virtualbox-iso: Reading package lists...
    virtualbox-iso: Building dependency tree...
    virtualbox-iso: Reading state information...
    virtualbox-iso: The following extra packages will be installed:
    virtualbox-iso: git-man liberror-perl
    virtualbox-iso: Suggested packages:
    virtualbox-iso: git-daemon-run git-daemon-sysvinit git-doc git-el git-email git-gui gitk
    virtualbox-iso: gitweb git-arch git-bzr git-cvs git-mediawiki git-svn
    virtualbox-iso: The following NEW packages will be installed:
    virtualbox-iso: git git-man liberror-perl
    virtualbox-iso: 0 upgraded, 3 newly installed, 0 to remove and 3 not upgraded.
    virtualbox-iso: Need to get 3,306 kB of archives.
    virtualbox-iso: After this operation, 21.9 MB of additional disk space will be used.
    virtualbox-iso: Get:1 http://us.archive.ubuntu.com/ubuntu/ trusty/main liberror-perl all 0.17-1.1 [21.1 kB]
    virtualbox-iso: Get:2 http://us.archive.ubuntu.com/ubuntu/ trusty-updates/main git-man all 1:1.9.1-1ubuntu0.3 [699 kB]
    virtualbox-iso: Get:3 http://us.archive.ubuntu.com/ubuntu/ trusty-updates/main git amd64 1:1.9.1-1ubuntu0.3 [2,586 kB]
    virtualbox-iso: debconf: unable to initialize frontend: Dialog
    virtualbox-iso: debconf: (Dialog frontend will not work on a dumb terminal, an emacs shell buffer, or without a controlling terminal.)
    virtualbox-iso: debconf: falling back to frontend: Readline
    virtualbox-iso: debconf: unable to initialize frontend: Readline
    virtualbox-iso: debconf: (This frontend requires a controlling tty.)
    virtualbox-iso: debconf: falling back to frontend: Teletype
    virtualbox-iso: dpkg-preconfigure: unable to re-open stdin:
    virtualbox-iso: Fetched 3,306 kB in 12s (269 kB/s)
    virtualbox-iso: Selecting previously unselected package liberror-perl.
    virtualbox-iso: (Reading database ... 63234 files and directories currently installed.)
    virtualbox-iso: Preparing to unpack .../liberror-perl_0.17-1.1_all.deb ...
    virtualbox-iso: Unpacking liberror-perl (0.17-1.1) ...
    virtualbox-iso: Selecting previously unselected package git-man.
    virtualbox-iso: Preparing to unpack .../git-man_1%3a1.9.1-1ubuntu0.3_all.deb ...
    virtualbox-iso: Unpacking git-man (1:1.9.1-1ubuntu0.3) ...
    virtualbox-iso: Selecting previously unselected package git.
    virtualbox-iso: Preparing to unpack .../git_1%3a1.9.1-1ubuntu0.3_amd64.deb ...
    virtualbox-iso: Unpacking git (1:1.9.1-1ubuntu0.3) ...
    virtualbox-iso: Processing triggers for man-db (2.6.7.1-1ubuntu1) ...
    virtualbox-iso: Setting up liberror-perl (0.17-1.1) ...
    virtualbox-iso: Setting up git-man (1:1.9.1-1ubuntu0.3) ...
    virtualbox-iso: Setting up git (1:1.9.1-1ubuntu0.3) ...
==> virtualbox-iso: Provisioning with shell script: scripts/virtualbox.sh
    virtualbox-iso: Installing Virtualbox Guest Utils
    virtualbox-iso: Reading package lists...
    virtualbox-iso: Building dependency tree...
    virtualbox-iso: Reading state information...
    virtualbox-iso: dkms is already the newest version.
    virtualbox-iso: 0 upgraded, 0 newly installed, 0 to remove and 3 not upgraded.
    virtualbox-iso: [sudo] password for vagrant: mount: block device /home/vagrant/VBoxGuestAdditions_5.0.26.iso is write-protected, mounting read-only
    virtualbox-iso: Verifying archive integrity... All good.
    virtualbox-iso: Uncompressing VirtualBox 5.0.26 Guest Additions for Linux............
    virtualbox-iso: VirtualBox Guest Additions installer
    virtualbox-iso: Copying additional installer modules ...
    virtualbox-iso: Installing additional modules ...
    virtualbox-iso: Removing existing VirtualBox DKMS kernel modules ...done.
    virtualbox-iso: Removing existing VirtualBox non-DKMS kernel modules ...done.
    virtualbox-iso: Building the VirtualBox Guest Additions kernel modules ...done.
    virtualbox-iso: Doing non-kernel setup of the Guest Additions ...done.
    virtualbox-iso: You should restart your guest to make sure the new modules are actually used
    virtualbox-iso:
==> virtualbox-iso: Provisioning with shell script: scripts/vagrant.sh
    virtualbox-iso: [sudo] password for vagrant:   % Total    % Received % Xferd  Average Speed   Time    Time     Time  Current
    virtualbox-iso: Dload  Upload   Total   Spent    Left  Speed
    virtualbox-iso:   0     0    0     0    0     0      0      0 --:--:--  0:00:04 --:--:--     0
    virtualbox-iso: 100   409  100   409    0     0     55      0  0:00:07  0:00:07 --:--:--   338
==> virtualbox-iso: Provisioning with shell script: scripts/application.sh
    virtualbox-iso: Reading package lists...
    virtualbox-iso: Building dependency tree...
    virtualbox-iso: Reading state information...
    virtualbox-iso: The following extra packages will be installed:
    virtualbox-iso: fontconfig-config fonts-dejavu-core libfontconfig1 libgd3 libjbig0
    virtualbox-iso: libjpeg-turbo8 libjpeg8 libtiff5 libvpx1 libxpm4 libxslt1.1 nginx-common
    virtualbox-iso: nginx-core
    virtualbox-iso: Suggested packages:
    virtualbox-iso: libgd-tools fcgiwrap nginx-doc
    virtualbox-iso: The following NEW packages will be installed:
    virtualbox-iso: fontconfig-config fonts-dejavu-core libfontconfig1 libgd3 libjbig0
    virtualbox-iso: libjpeg-turbo8 libjpeg8 libtiff5 libvpx1 libxpm4 libxslt1.1 nginx
    virtualbox-iso: nginx-common nginx-core
    virtualbox-iso: 0 upgraded, 14 newly installed, 0 to remove and 3 not upgraded.
    virtualbox-iso: Need to get 2,679 kB of archives.
    virtualbox-iso: After this operation, 9,057 kB of additional disk space will be used.
    virtualbox-iso: Get:1 http://us.archive.ubuntu.com/ubuntu/ trusty/main fonts-dejavu-core all 2.34-1ubuntu1 [1,024 kB]
    virtualbox-iso: Get:2 http://us.archive.ubuntu.com/ubuntu/ trusty-updates/main fontconfig-config all 2.11.0-0ubuntu4.2 [47.4 kB]
    virtualbox-iso: Get:3 http://us.archive.ubuntu.com/ubuntu/ trusty-updates/main libfontconfig1 amd64 2.11.0-0ubuntu4.2 [123 kB]
    virtualbox-iso: Get:4 http://us.archive.ubuntu.com/ubuntu/ trusty/main libjpeg-turbo8 amd64 1.3.0-0ubuntu2 [104 kB]
    virtualbox-iso: Get:5 http://us.archive.ubuntu.com/ubuntu/ trusty/main libjpeg8 amd64 8c-2ubuntu8 [2,194 B]
    virtualbox-iso: Get:6 http://us.archive.ubuntu.com/ubuntu/ trusty-updates/main libjbig0 amd64 2.0-2ubuntu4.1 [26.1 kB]
    virtualbox-iso: Get:7 http://us.archive.ubuntu.com/ubuntu/ trusty-updates/main libtiff5 amd64 4.0.3-7ubuntu0.4 [143 kB]
    virtualbox-iso: Get:8 http://us.archive.ubuntu.com/ubuntu/ trusty/main libvpx1 amd64 1.3.0-2 [556 kB]
    virtualbox-iso: Get:9 http://us.archive.ubuntu.com/ubuntu/ trusty/main libxpm4 amd64 1:3.5.10-1 [38.3 kB]
    virtualbox-iso: Get:10 http://us.archive.ubuntu.com/ubuntu/ trusty-updates/main libgd3 amd64 2.1.0-3ubuntu0.3 [122 kB]
    virtualbox-iso: Get:11 http://us.archive.ubuntu.com/ubuntu/ trusty/main libxslt1.1 amd64 1.1.28-2build1 [145 kB]
    virtualbox-iso: Get:12 http://us.archive.ubuntu.com/ubuntu/ trusty-updates/main nginx-common all 1.4.6-1ubuntu3.5 [18.1 kB]
    virtualbox-iso: Get:13 http://us.archive.ubuntu.com/ubuntu/ trusty-updates/main nginx-core amd64 1.4.6-1ubuntu3.5 [325 kB]
    virtualbox-iso: Get:14 http://us.archive.ubuntu.com/ubuntu/ trusty-updates/main nginx all 1.4.6-1ubuntu3.5 [5,454 B]
    virtualbox-iso: debconf: unable to initialize frontend: Dialog
    virtualbox-iso: debconf: (Dialog frontend will not work on a dumb terminal, an emacs shell buffer, or without a controlling terminal.)
    virtualbox-iso: debconf: falling back to frontend: Readline
    virtualbox-iso: debconf: unable to initialize frontend: Readline
    virtualbox-iso: debconf: (This frontend requires a controlling tty.)
    virtualbox-iso: debconf: falling back to frontend: Teletype
    virtualbox-iso: dpkg-preconfigure: unable to re-open stdin:
    virtualbox-iso: Fetched 2,679 kB in 18s (145 kB/s)
    virtualbox-iso: Selecting previously unselected package fonts-dejavu-core.
    virtualbox-iso: (Reading database ... 63982 files and directories currently installed.)
    virtualbox-iso: Preparing to unpack .../fonts-dejavu-core_2.34-1ubuntu1_all.deb ...
    virtualbox-iso: Unpacking fonts-dejavu-core (2.34-1ubuntu1) ...
    virtualbox-iso: Selecting previously unselected package fontconfig-config.
    virtualbox-iso: Preparing to unpack .../fontconfig-config_2.11.0-0ubuntu4.2_all.deb ...
    virtualbox-iso: Unpacking fontconfig-config (2.11.0-0ubuntu4.2) ...
    virtualbox-iso: Selecting previously unselected package libfontconfig1:amd64.
    virtualbox-iso: Preparing to unpack .../libfontconfig1_2.11.0-0ubuntu4.2_amd64.deb ...
    virtualbox-iso: Unpacking libfontconfig1:amd64 (2.11.0-0ubuntu4.2) ...
    virtualbox-iso: Selecting previously unselected package libjpeg-turbo8:amd64.
    virtualbox-iso: Preparing to unpack .../libjpeg-turbo8_1.3.0-0ubuntu2_amd64.deb ...
    virtualbox-iso: Unpacking libjpeg-turbo8:amd64 (1.3.0-0ubuntu2) ...
    virtualbox-iso: Selecting previously unselected package libjpeg8:amd64.
    virtualbox-iso: Preparing to unpack .../libjpeg8_8c-2ubuntu8_amd64.deb ...
    virtualbox-iso: Unpacking libjpeg8:amd64 (8c-2ubuntu8) ...
    virtualbox-iso: Selecting previously unselected package libjbig0:amd64.
    virtualbox-iso: Preparing to unpack .../libjbig0_2.0-2ubuntu4.1_amd64.deb ...
    virtualbox-iso: Unpacking libjbig0:amd64 (2.0-2ubuntu4.1) ...
    virtualbox-iso: Selecting previously unselected package libtiff5:amd64.
    virtualbox-iso: Preparing to unpack .../libtiff5_4.0.3-7ubuntu0.4_amd64.deb ...
    virtualbox-iso: Unpacking libtiff5:amd64 (4.0.3-7ubuntu0.4) ...
    virtualbox-iso: Selecting previously unselected package libvpx1:amd64.
    virtualbox-iso: Preparing to unpack .../libvpx1_1.3.0-2_amd64.deb ...
    virtualbox-iso: Unpacking libvpx1:amd64 (1.3.0-2) ...
    virtualbox-iso: Selecting previously unselected package libxpm4:amd64.
    virtualbox-iso: Preparing to unpack .../libxpm4_1%3a3.5.10-1_amd64.deb ...
    virtualbox-iso: Unpacking libxpm4:amd64 (1:3.5.10-1) ...
    virtualbox-iso: Selecting previously unselected package libgd3:amd64.
    virtualbox-iso: Preparing to unpack .../libgd3_2.1.0-3ubuntu0.3_amd64.deb ...
    virtualbox-iso: Unpacking libgd3:amd64 (2.1.0-3ubuntu0.3) ...
    virtualbox-iso: Selecting previously unselected package libxslt1.1:amd64.
    virtualbox-iso: Preparing to unpack .../libxslt1.1_1.1.28-2build1_amd64.deb ...
    virtualbox-iso: Unpacking libxslt1.1:amd64 (1.1.28-2build1) ...
    virtualbox-iso: Selecting previously unselected package nginx-common.
    virtualbox-iso: Preparing to unpack .../nginx-common_1.4.6-1ubuntu3.5_all.deb ...
    virtualbox-iso: Unpacking nginx-common (1.4.6-1ubuntu3.5) ...
    virtualbox-iso: Selecting previously unselected package nginx-core.
    virtualbox-iso: Preparing to unpack .../nginx-core_1.4.6-1ubuntu3.5_amd64.deb ...
    virtualbox-iso: Unpacking nginx-core (1.4.6-1ubuntu3.5) ...
    virtualbox-iso: Selecting previously unselected package nginx.
    virtualbox-iso: Preparing to unpack .../nginx_1.4.6-1ubuntu3.5_all.deb ...
    virtualbox-iso: Unpacking nginx (1.4.6-1ubuntu3.5) ...
    virtualbox-iso: Processing triggers for man-db (2.6.7.1-1ubuntu1) ...
    virtualbox-iso: Processing triggers for ureadahead (0.100.0-16) ...
    virtualbox-iso: Processing triggers for ufw (0.34~rc-0ubuntu2) ...
    virtualbox-iso: Setting up fonts-dejavu-core (2.34-1ubuntu1) ...
    virtualbox-iso: Setting up fontconfig-config (2.11.0-0ubuntu4.2) ...
    virtualbox-iso: Setting up libfontconfig1:amd64 (2.11.0-0ubuntu4.2) ...
    virtualbox-iso: Setting up libjpeg-turbo8:amd64 (1.3.0-0ubuntu2) ...
    virtualbox-iso: Setting up libjpeg8:amd64 (8c-2ubuntu8) ...
    virtualbox-iso: Setting up libjbig0:amd64 (2.0-2ubuntu4.1) ...
    virtualbox-iso: Setting up libtiff5:amd64 (4.0.3-7ubuntu0.4) ...
    virtualbox-iso: Setting up libvpx1:amd64 (1.3.0-2) ...
    virtualbox-iso: Setting up libxpm4:amd64 (1:3.5.10-1) ...
    virtualbox-iso: Setting up libgd3:amd64 (2.1.0-3ubuntu0.3) ...
    virtualbox-iso: Setting up libxslt1.1:amd64 (1.1.28-2build1) ...
    virtualbox-iso: Setting up nginx-common (1.4.6-1ubuntu3.5) ...
    virtualbox-iso: Processing triggers for ureadahead (0.100.0-16) ...
    virtualbox-iso: Processing triggers for ufw (0.34~rc-0ubuntu2) ...
    virtualbox-iso: Setting up nginx-core (1.4.6-1ubuntu3.5) ...
    virtualbox-iso: Setting up nginx (1.4.6-1ubuntu3.5) ...
    virtualbox-iso: Processing triggers for libc-bin (2.19-0ubuntu6.9) ...
    virtualbox-iso: Reading package lists...
    virtualbox-iso: Building dependency tree...
    virtualbox-iso: Reading state information...
    virtualbox-iso: git is already the newest version.
    virtualbox-iso: 0 upgraded, 0 newly installed, 0 to remove and 3 not upgraded.
    virtualbox-iso: Reading package lists...
    virtualbox-iso: Building dependency tree...
    virtualbox-iso: Reading state information...
    virtualbox-iso: Package 'node' is not installed, so not removed
    virtualbox-iso: 0 upgraded, 0 newly installed, 0 to remove and 3 not upgraded.
    virtualbox-iso:
    virtualbox-iso: ================================================================================
    virtualbox-iso: ================================================================================
    virtualbox-iso:
    virtualbox-iso: SCRIPT DEPRECATION WARNING
    virtualbox-iso:
    virtualbox-iso: This script, located at https://deb.nodesource.com/setup, used to
    virtualbox-iso: install Node.js v0.10, is being deprecated and will eventually be made
    virtualbox-iso: inactive.
    virtualbox-iso:
    virtualbox-iso: You should use the script that corresponds to the version of Node.js you
    virtualbox-iso: wish to install. e.g.
    virtualbox-iso:
    virtualbox-iso: * https://deb.nodesource.com/setup_4.x — Node.js v4 LTS "Argon" (recommended)
    virtualbox-iso: * https://deb.nodesource.com/setup_6.x — Node.js v6 Current
    virtualbox-iso:
    virtualbox-iso: Please see https://github.com/nodejs/LTS/ for details about which version
    virtualbox-iso: may be appropriate for you.
    virtualbox-iso:
    virtualbox-iso: The NodeSource Node.js Linux distributions GitHub repository contains
    virtualbox-iso: information about which versions of Node.js and which Linux distributions
    virtualbox-iso: are supported and how to use the install scripts.
    virtualbox-iso: https://github.com/nodesource/distributions
    virtualbox-iso:
    virtualbox-iso: ================================================================================
    virtualbox-iso: ================================================================================
    virtualbox-iso:
    virtualbox-iso: Continuing in 10 seconds (press Ctrl-C to abort) ...
    virtualbox-iso:
    virtualbox-iso:
    virtualbox-iso: ## Installing the NodeSource Node.js v0.10 repo...
    virtualbox-iso:
    virtualbox-iso:
    virtualbox-iso: ## Populating apt-get cache...
    virtualbox-iso:
    virtualbox-iso: + apt-get update
    virtualbox-iso: Ign http://us.archive.ubuntu.com trusty InRelease
    virtualbox-iso: Get:1 http://security.ubuntu.com trusty-security InRelease [65.9 kB]
    virtualbox-iso: Get:2 http://us.archive.ubuntu.com trusty-updates InRelease [65.9 kB]
    virtualbox-iso: Get:3 http://security.ubuntu.com trusty-security/main Sources [120 kB]
    virtualbox-iso: Get:4 http://us.archive.ubuntu.com trusty-backports InRelease [65.9 kB]
    virtualbox-iso: Get:5 http://security.ubuntu.com trusty-security/restricted Sources [4,064 B]
    virtualbox-iso: Get:6 http://security.ubuntu.com trusty-security/universe Sources [41.4 kB]
    virtualbox-iso: Get:7 http://us.archive.ubuntu.com trusty Release.gpg [933 B]
    virtualbox-iso: Get:8 http://security.ubuntu.com trusty-security/multiverse Sources [2,760 B]
    virtualbox-iso: Get:9 http://security.ubuntu.com trusty-security/main amd64 Packages [524 kB]
    virtualbox-iso: Get:10 http://us.archive.ubuntu.com trusty-updates/main Sources [380 kB]
    virtualbox-iso: Get:11 http://us.archive.ubuntu.com trusty-updates/restricted Sources [5,360 B]
    virtualbox-iso: Get:12 http://security.ubuntu.com trusty-security/restricted amd64 Packages [13.0 kB]
    virtualbox-iso: Get:13 http://us.archive.ubuntu.com trusty-updates/universe Sources [164 kB]
    virtualbox-iso: Get:14 http://security.ubuntu.com trusty-security/universe amd64 Packages [136 kB]
    virtualbox-iso: Get:15 http://us.archive.ubuntu.com trusty-updates/multiverse Sources [7,137 B]
    virtualbox-iso: Get:16 http://security.ubuntu.com trusty-security/multiverse amd64 Packages [4,990 B]
    virtualbox-iso: Get:17 http://us.archive.ubuntu.com trusty-updates/main amd64 Packages [890 kB]
    virtualbox-iso: Get:18 http://security.ubuntu.com trusty-security/main i386 Packages [487 kB]
    virtualbox-iso: Get:19 http://security.ubuntu.com trusty-security/restricted i386 Packages [12.7 kB]
    virtualbox-iso: Get:20 http://us.archive.ubuntu.com trusty-updates/restricted amd64 Packages [15.9 kB]
    virtualbox-iso: Get:21 http://security.ubuntu.com trusty-security/universe i386 Packages [136 kB]
    virtualbox-iso: Get:22 http://security.ubuntu.com trusty-security/multiverse i386 Packages [5,178 B]
    virtualbox-iso: Hit http://security.ubuntu.com trusty-security/main Translation-en
    virtualbox-iso: Get:23 http://us.archive.ubuntu.com trusty-updates/universe amd64 Packages [373 kB]
    virtualbox-iso: Get:24 http://security.ubuntu.com trusty-security/multiverse Translation-en [2,570 B]
    virtualbox-iso: Get:25 http://security.ubuntu.com trusty-security/restricted Translation-en [3,206 B]
    virtualbox-iso: Get:26 http://us.archive.ubuntu.com trusty-updates/multiverse amd64 Packages [14.8 kB]
    virtualbox-iso: Hit http://security.ubuntu.com trusty-security/universe Translation-en
    virtualbox-iso: Get:27 http://us.archive.ubuntu.com trusty-updates/main i386 Packages [851 kB]
    virtualbox-iso: Get:28 http://us.archive.ubuntu.com trusty-updates/restricted i386 Packages [15.6 kB]
    virtualbox-iso: Get:29 http://us.archive.ubuntu.com trusty-updates/universe i386 Packages [375 kB]
    virtualbox-iso: Get:30 http://us.archive.ubuntu.com trusty-updates/multiverse i386 Packages [15.2 kB]
    virtualbox-iso: Get:31 http://us.archive.ubuntu.com trusty-updates/main Translation-en [431 kB]
    virtualbox-iso: Get:32 http://us.archive.ubuntu.com trusty-updates/multiverse Translation-en [7,661 B]
    virtualbox-iso: Get:33 http://us.archive.ubuntu.com trusty-updates/restricted Translation-en [3,699 B]
    virtualbox-iso: Get:34 http://us.archive.ubuntu.com trusty-updates/universe Translation-en [197 kB]
    virtualbox-iso: Get:35 http://us.archive.ubuntu.com trusty-backports/main Sources [9,592 B]
    virtualbox-iso: Get:36 http://us.archive.ubuntu.com trusty-backports/restricted Sources [28 B]
    virtualbox-iso: Get:37 http://us.archive.ubuntu.com trusty-backports/universe Sources [35.2 kB]
    virtualbox-iso: Get:38 http://us.archive.ubuntu.com trusty-backports/multiverse Sources [1,898 B]
    virtualbox-iso: Get:39 http://us.archive.ubuntu.com trusty-backports/main amd64 Packages [13.3 kB]
    virtualbox-iso: Get:40 http://us.archive.ubuntu.com trusty-backports/restricted amd64 Packages [28 B]
    virtualbox-iso: Get:41 http://us.archive.ubuntu.com trusty-backports/universe amd64 Packages [43.2 kB]
    virtualbox-iso: Get:42 http://us.archive.ubuntu.com trusty-backports/multiverse amd64 Packages [1,571 B]
    virtualbox-iso: Get:43 http://us.archive.ubuntu.com trusty-backports/main i386 Packages [13.3 kB]
    virtualbox-iso: Get:44 http://us.archive.ubuntu.com trusty-backports/restricted i386 Packages [28 B]
    virtualbox-iso: Get:45 http://us.archive.ubuntu.com trusty-backports/universe i386 Packages [43.2 kB]
    virtualbox-iso: Get:46 http://us.archive.ubuntu.com trusty-backports/multiverse i386 Packages [1,552 B]
    virtualbox-iso: Get:47 http://us.archive.ubuntu.com trusty-backports/main Translation-en [7,493 B]
    virtualbox-iso: Get:48 http://us.archive.ubuntu.com trusty-backports/multiverse Translation-en [1,215 B]
    virtualbox-iso: Get:49 http://us.archive.ubuntu.com trusty-backports/restricted Translation-en [28 B]
    virtualbox-iso: Get:50 http://us.archive.ubuntu.com trusty-backports/universe Translation-en [36.8 kB]
    virtualbox-iso: Get:51 http://us.archive.ubuntu.com trusty Release [58.5 kB]
    virtualbox-iso: Get:52 http://us.archive.ubuntu.com trusty/main Sources [1,064 kB]
    virtualbox-iso: Get:53 http://us.archive.ubuntu.com trusty/restricted Sources [5,433 B]
    virtualbox-iso: Get:54 http://us.archive.ubuntu.com trusty/universe Sources [6,399 kB]
    virtualbox-iso: Get:55 http://us.archive.ubuntu.com trusty/multiverse Sources [174 kB]
    virtualbox-iso: Get:56 http://us.archive.ubuntu.com trusty/main amd64 Packages [1,350 kB]
    virtualbox-iso: Get:57 http://us.archive.ubuntu.com trusty/restricted amd64 Packages [13.0 kB]
    virtualbox-iso: Get:58 http://us.archive.ubuntu.com trusty/universe amd64 Packages [5,859 kB]
    virtualbox-iso: Get:59 http://us.archive.ubuntu.com trusty/multiverse amd64 Packages [132 kB]
    virtualbox-iso: Get:60 http://us.archive.ubuntu.com trusty/main i386 Packages [1,348 kB]
    virtualbox-iso: Get:61 http://us.archive.ubuntu.com trusty/restricted i386 Packages [13.4 kB]
    virtualbox-iso: Get:62 http://us.archive.ubuntu.com trusty/universe i386 Packages [5,866 kB]
    virtualbox-iso: Get:63 http://us.archive.ubuntu.com trusty/multiverse i386 Packages [134 kB]
    virtualbox-iso: Get:64 http://us.archive.ubuntu.com trusty/main Translation-en [762 kB]
    virtualbox-iso: Get:65 http://us.archive.ubuntu.com trusty/multiverse Translation-en [102 kB]
    virtualbox-iso: Get:66 http://us.archive.ubuntu.com trusty/restricted Translation-en [3,457 B]
    virtualbox-iso: Get:67 http://us.archive.ubuntu.com trusty/universe Translation-en [4,089 kB]
    virtualbox-iso: Ign http://us.archive.ubuntu.com trusty/main Translation-en_US
    virtualbox-iso: Ign http://us.archive.ubuntu.com trusty/multiverse Translation-en_US
    virtualbox-iso: Ign http://us.archive.ubuntu.com trusty/restricted Translation-en_US
    virtualbox-iso: Ign http://us.archive.ubuntu.com trusty/universe Translation-en_US
    virtualbox-iso: Fetched 33.0 MB in 2min 45s (200 kB/s)
    virtualbox-iso: Reading package lists...
    virtualbox-iso:
    virtualbox-iso: ## Confirming "trusty" is supported...
    virtualbox-iso:
    virtualbox-iso: + curl -sLf -o /dev/null 'https://deb.nodesource.com/node_0.10/dists/trusty/Release'
    virtualbox-iso:
    virtualbox-iso: ## Adding the NodeSource signing key to your keyring...
    virtualbox-iso:
    virtualbox-iso: + curl -s https://deb.nodesource.com/gpgkey/nodesource.gpg.key | apt-key add -
    virtualbox-iso: OK
    virtualbox-iso:
    virtualbox-iso: ## Creating apt sources list file for the NodeSource Node.js v0.10 repo...
    virtualbox-iso:
    virtualbox-iso: + echo 'deb https://deb.nodesource.com/node_0.10 trusty main' > /etc/apt/sources.list.d/nodesource.list
    virtualbox-iso: + echo 'deb-src https://deb.nodesource.com/node_0.10 trusty main' >> /etc/apt/sources.list.d/nodesource.list
    virtualbox-iso:
    virtualbox-iso: ## Running `apt-get update` for you...
    virtualbox-iso:
    virtualbox-iso: + apt-get update
    virtualbox-iso: Ign http://us.archive.ubuntu.com trusty InRelease
    virtualbox-iso: Get:1 http://security.ubuntu.com trusty-security InRelease [65.9 kB]
    virtualbox-iso: Hit http://us.archive.ubuntu.com trusty-updates InRelease
    virtualbox-iso: Get:2 http://security.ubuntu.com trusty-security/main Sources [120 kB]
    virtualbox-iso: Get:3 https://deb.nodesource.com trusty InRelease
    virtualbox-iso: Get:4 http://us.archive.ubuntu.com trusty-backports InRelease [65.9 kB]
    virtualbox-iso: Get:5 https://deb.nodesource.com trusty/main Sources
    virtualbox-iso: Get:6 https://deb.nodesource.com trusty/main amd64 Packages
    virtualbox-iso: Get:7 http://us.archive.ubuntu.com trusty Release.gpg [933 B]
    virtualbox-iso: Get:8 http://security.ubuntu.com trusty-security/restricted Sources [4,064 B]
    virtualbox-iso: Get:9 https://deb.nodesource.com trusty/main i386 Packages
    virtualbox-iso: Get:10 http://security.ubuntu.com trusty-security/universe Sources [41.4 kB]
    virtualbox-iso: Get:11 http://us.archive.ubuntu.com trusty-updates/main Sources [380 kB]
    virtualbox-iso: Get:12 https://deb.nodesource.com trusty/main Translation-en_US
    virtualbox-iso: Get:13 http://security.ubuntu.com trusty-security/multiverse Sources [2,760 B]
    virtualbox-iso: Get:14 http://security.ubuntu.com trusty-security/main amd64 Packages [524 kB]
    virtualbox-iso: Get:15 http://us.archive.ubuntu.com trusty-updates/restricted Sources [5,360 B]
    virtualbox-iso: Get:16 http://us.archive.ubuntu.com trusty-updates/universe Sources [164 kB]
    virtualbox-iso: Get:17 http://us.archive.ubuntu.com trusty-updates/multiverse Sources [7,137 B]
    virtualbox-iso: Get:18 http://security.ubuntu.com trusty-security/restricted amd64 Packages [13.0 kB]
    virtualbox-iso: Ign https://deb.nodesource.com trusty/main Translation-en_US
    virtualbox-iso: Ign https://deb.nodesource.com trusty/main Translation-en
    virtualbox-iso: Get:19 http://us.archive.ubuntu.com trusty-updates/main amd64 Packages [890 kB]
    virtualbox-iso: Get:20 http://security.ubuntu.com trusty-security/universe amd64 Packages [136 kB]
    virtualbox-iso: Get:21 http://security.ubuntu.com trusty-security/multiverse amd64 Packages [4,990 B]
    virtualbox-iso: Get:22 http://security.ubuntu.com trusty-security/main i386 Packages [487 kB]
    virtualbox-iso: Get:23 http://us.archive.ubuntu.com trusty-updates/restricted amd64 Packages [15.9 kB]
    virtualbox-iso: Get:24 http://us.archive.ubuntu.com trusty-updates/universe amd64 Packages [373 kB]
    virtualbox-iso: Get:25 http://security.ubuntu.com trusty-security/restricted i386 Packages [12.7 kB]
    virtualbox-iso: Get:26 http://security.ubuntu.com trusty-security/universe i386 Packages [136 kB]
    virtualbox-iso: Get:27 http://us.archive.ubuntu.com trusty-updates/multiverse amd64 Packages [14.8 kB]
    virtualbox-iso: Get:28 http://us.archive.ubuntu.com trusty-updates/main i386 Packages [851 kB]
    virtualbox-iso: Get:29 http://security.ubuntu.com trusty-security/multiverse i386 Packages [5,178 B]
    virtualbox-iso: Hit http://security.ubuntu.com trusty-security/main Translation-en
    virtualbox-iso: Get:30 http://security.ubuntu.com trusty-security/multiverse Translation-en [2,570 B]
    virtualbox-iso: Get:31 http://security.ubuntu.com trusty-security/restricted Translation-en [3,206 B]
    virtualbox-iso: Hit http://security.ubuntu.com trusty-security/universe Translation-en
    virtualbox-iso: Get:32 http://us.archive.ubuntu.com trusty-updates/restricted i386 Packages [15.6 kB]
    virtualbox-iso: Get:33 http://us.archive.ubuntu.com trusty-updates/universe i386 Packages [375 kB]
    virtualbox-iso: Get:34 http://us.archive.ubuntu.com trusty-updates/multiverse i386 Packages [15.2 kB]
    virtualbox-iso: Get:35 http://us.archive.ubuntu.com trusty-updates/main Translation-en [431 kB]
    virtualbox-iso: Get:36 http://us.archive.ubuntu.com trusty-updates/multiverse Translation-en [7,661 B]
    virtualbox-iso: Get:37 http://us.archive.ubuntu.com trusty-updates/restricted Translation-en [3,699 B]
    virtualbox-iso: Get:38 http://us.archive.ubuntu.com trusty-updates/universe Translation-en [197 kB]
    virtualbox-iso: Get:39 http://us.archive.ubuntu.com trusty-backports/main Sources [9,592 B]
    virtualbox-iso: Get:40 http://us.archive.ubuntu.com trusty-backports/restricted Sources [28 B]
    virtualbox-iso: Get:41 http://us.archive.ubuntu.com trusty-backports/universe Sources [35.2 kB]
    virtualbox-iso: Get:42 http://us.archive.ubuntu.com trusty-backports/multiverse Sources [1,898 B]
    virtualbox-iso: Get:43 http://us.archive.ubuntu.com trusty-backports/main amd64 Packages [13.3 kB]
    virtualbox-iso: Get:44 http://us.archive.ubuntu.com trusty-backports/restricted amd64 Packages [28 B]
    virtualbox-iso: Get:45 http://us.archive.ubuntu.com trusty-backports/universe amd64 Packages [43.2 kB]
    virtualbox-iso: Get:46 http://us.archive.ubuntu.com trusty-backports/multiverse amd64 Packages [1,571 B]
    virtualbox-iso: Get:47 http://us.archive.ubuntu.com trusty-backports/main i386 Packages [13.3 kB]
    virtualbox-iso: Get:48 http://us.archive.ubuntu.com trusty-backports/restricted i386 Packages [28 B]
    virtualbox-iso: Get:49 http://us.archive.ubuntu.com trusty-backports/universe i386 Packages [43.2 kB]
    virtualbox-iso: Get:50 http://us.archive.ubuntu.com trusty-backports/multiverse i386 Packages [1,552 B]
    virtualbox-iso: Get:51 http://us.archive.ubuntu.com trusty-backports/main Translation-en [7,493 B]
    virtualbox-iso: Get:52 http://us.archive.ubuntu.com trusty-backports/multiverse Translation-en [1,215 B]
    virtualbox-iso: Get:53 http://us.archive.ubuntu.com trusty-backports/restricted Translation-en [28 B]
    virtualbox-iso: Get:54 http://us.archive.ubuntu.com trusty-backports/universe Translation-en [36.8 kB]
    virtualbox-iso: Get:55 http://us.archive.ubuntu.com trusty Release [58.5 kB]
    virtualbox-iso: Get:56 http://us.archive.ubuntu.com trusty/main Sources [1,064 kB]
    virtualbox-iso: Get:57 http://us.archive.ubuntu.com trusty/restricted Sources [5,433 B]
    virtualbox-iso: Get:58 http://us.archive.ubuntu.com trusty/universe Sources [6,399 kB]
    virtualbox-iso: Get:59 http://us.archive.ubuntu.com trusty/multiverse Sources [174 kB]
    virtualbox-iso: Get:60 http://us.archive.ubuntu.com trusty/main amd64 Packages [1,350 kB]
    virtualbox-iso: Get:61 http://us.archive.ubuntu.com trusty/restricted amd64 Packages [13.0 kB]
    virtualbox-iso: Get:62 http://us.archive.ubuntu.com trusty/universe amd64 Packages [5,859 kB]
    virtualbox-iso: Get:63 http://us.archive.ubuntu.com trusty/multiverse amd64 Packages [132 kB]
    virtualbox-iso: Get:64 http://us.archive.ubuntu.com trusty/main i386 Packages [1,348 kB]
    virtualbox-iso: Get:65 http://us.archive.ubuntu.com trusty/restricted i386 Packages [13.4 kB]
    virtualbox-iso: Get:66 http://us.archive.ubuntu.com trusty/universe i386 Packages [5,866 kB]
    virtualbox-iso: Get:67 http://us.archive.ubuntu.com trusty/multiverse i386 Packages [134 kB]
    virtualbox-iso: Get:68 http://us.archive.ubuntu.com trusty/main Translation-en [762 kB]
    virtualbox-iso: Get:69 http://us.archive.ubuntu.com trusty/multiverse Translation-en [102 kB]
    virtualbox-iso: Get:70 http://us.archive.ubuntu.com trusty/restricted Translation-en [3,457 B]
    virtualbox-iso: Get:71 http://us.archive.ubuntu.com trusty/universe Translation-en [4,089 kB]
    virtualbox-iso: Ign http://us.archive.ubuntu.com trusty/main Translation-en_US
    virtualbox-iso: Ign http://us.archive.ubuntu.com trusty/multiverse Translation-en_US
    virtualbox-iso: Ign http://us.archive.ubuntu.com trusty/restricted Translation-en_US
    virtualbox-iso: Ign http://us.archive.ubuntu.com trusty/universe Translation-en_US
    virtualbox-iso: Fetched 33.0 MB in 3min 35s (153 kB/s)
    virtualbox-iso: Reading package lists...
    virtualbox-iso:
    virtualbox-iso: ================================================================================
    virtualbox-iso: ================================================================================
    virtualbox-iso:
    virtualbox-iso: NODE.JS v0.10 DEPRECATION WARNING
    virtualbox-iso:
    virtualbox-iso: Node.js v0.10 will cease to be actively supported in October 2016.
    virtualbox-iso:
    virtualbox-iso: This means you will not continue to receive security or critical stability
    virtualbox-iso: updates for this version of Node.js beyond that time.
    virtualbox-iso:
    virtualbox-iso: You should begin migration to a newer version of Node.js as soon as
    virtualbox-iso: possible. Use the installation script that corresponds to the version of
    virtualbox-iso: Node.js you wish to install. e.g.
    virtualbox-iso:
    virtualbox-iso: * https://deb.nodesource.com/setup_4.x — Node.js v4 LTS "Argon" (recommended)
    virtualbox-iso: * https://deb.nodesource.com/setup_6.x — Node.js v6 Current
    virtualbox-iso:
    virtualbox-iso: Please see https://github.com/nodejs/LTS/ for details about which version
    virtualbox-iso: may be appropriate for you.
    virtualbox-iso:
    virtualbox-iso: The NodeSource Node.js Linux distributions GitHub repository contains
    virtualbox-iso: information about which versions of Node.js and which Linux distributions
    virtualbox-iso: are supported and how to use the install scripts.
    virtualbox-iso: https://github.com/nodesource/distributions
    virtualbox-iso:
    virtualbox-iso: ================================================================================
    virtualbox-iso: ================================================================================
    virtualbox-iso:
    virtualbox-iso: Continuing in 5 seconds ...
    virtualbox-iso:
    virtualbox-iso:
    virtualbox-iso: ## Run `apt-get install nodejs` (as root) to install Node.js v0.10 and npm
    virtualbox-iso:
    virtualbox-iso: Reading package lists...
    virtualbox-iso: Building dependency tree...
    virtualbox-iso: Reading state information...
    virtualbox-iso: The following extra packages will be installed:
    virtualbox-iso: rlwrap
    virtualbox-iso: The following NEW packages will be installed:
    virtualbox-iso: nodejs rlwrap
    virtualbox-iso: 0 upgraded, 2 newly installed, 0 to remove and 3 not upgraded.
    virtualbox-iso: Need to get 5,083 kB of archives.
    virtualbox-iso: After this operation, 26.7 MB of additional disk space will be used.
    virtualbox-iso: Get:1 http://us.archive.ubuntu.com/ubuntu/ trusty/universe rlwrap amd64 0.37-5 [73.4 kB]
    virtualbox-iso: Get:2 https://deb.nodesource.com/node_0.10/ trusty/main nodejs amd64 0.10.46-1nodesource1~trusty1 [5,010 kB]
    virtualbox-iso: debconf: unable to initialize frontend: Dialog
    virtualbox-iso: debconf: (Dialog frontend will not work on a dumb terminal, an emacs shell buffer, or without a controlling terminal.)
    virtualbox-iso: debconf: falling back to frontend: Readline
    virtualbox-iso: debconf: unable to initialize frontend: Readline
    virtualbox-iso: debconf: (This frontend requires a controlling tty.)
    virtualbox-iso: debconf: falling back to frontend: Teletype
    virtualbox-iso: dpkg-preconfigure: unable to re-open stdin:
    virtualbox-iso: Fetched 5,083 kB in 19s (258 kB/s)
    virtualbox-iso: Selecting previously unselected package rlwrap.
    virtualbox-iso: (Reading database ... 64196 files and directories currently installed.)
    virtualbox-iso: Preparing to unpack .../rlwrap_0.37-5_amd64.deb ...
    virtualbox-iso: Unpacking rlwrap (0.37-5) ...
    virtualbox-iso: Selecting previously unselected package nodejs.
    virtualbox-iso: Preparing to unpack .../nodejs_0.10.46-1nodesource1~trusty1_amd64.deb ...
    virtualbox-iso: Unpacking nodejs (0.10.46-1nodesource1~trusty1) ...
    virtualbox-iso: Processing triggers for man-db (2.6.7.1-1ubuntu1) ...
    virtualbox-iso: Setting up rlwrap (0.37-5) ...
    virtualbox-iso: update-alternatives: using /usr/bin/rlwrap to provide /usr/bin/readline-editor (readline-editor) in auto mode
    virtualbox-iso: Setting up nodejs (0.10.46-1nodesource1~trusty1) ...
    virtualbox-iso: Reading package lists...
    virtualbox-iso: Building dependency tree...
    virtualbox-iso: Reading state information...
    virtualbox-iso: libfontconfig1 is already the newest version.
    virtualbox-iso: libfontconfig1 set to manually installed.
    virtualbox-iso: The following extra packages will be installed:
    virtualbox-iso: libexpat1-dev libpng12-dev pkg-config
    virtualbox-iso: The following NEW packages will be installed:
    virtualbox-iso: fontconfig libexpat1-dev libfontconfig1-dev libfreetype6-dev libpng12-dev
    virtualbox-iso: pkg-config
    virtualbox-iso: 0 upgraded, 6 newly installed, 0 to remove and 3 not upgraded.
    virtualbox-iso: Need to get 1,824 kB of archives.
    virtualbox-iso: After this operation, 7,792 kB of additional disk space will be used.
    virtualbox-iso: Get:1 http://us.archive.ubuntu.com/ubuntu/ trusty-updates/main fontconfig amd64 2.11.0-0ubuntu4.2 [176 kB]
    virtualbox-iso: Get:2 http://us.archive.ubuntu.com/ubuntu/ trusty-updates/main libexpat1-dev amd64 2.1.0-4ubuntu1.3 [115 kB]
    virtualbox-iso: Get:3 http://us.archive.ubuntu.com/ubuntu/ trusty-updates/main libpng12-dev amd64 1.2.50-1ubuntu2.14.04.2 [206 kB]
    virtualbox-iso: Get:4 http://us.archive.ubuntu.com/ubuntu/ trusty-updates/main libfreetype6-dev amd64 2.5.2-1ubuntu2.5 [621 kB]
    virtualbox-iso: Get:5 http://us.archive.ubuntu.com/ubuntu/ trusty/main pkg-config amd64 0.26-1ubuntu4 [40.9 kB]
    virtualbox-iso: Get:6 http://us.archive.ubuntu.com/ubuntu/ trusty-updates/main libfontconfig1-dev amd64 2.11.0-0ubuntu4.2 [665 kB]
    virtualbox-iso: debconf: unable to initialize frontend: Dialog
    virtualbox-iso: debconf: (Dialog frontend will not work on a dumb terminal, an emacs shell buffer, or without a controlling terminal.)
    virtualbox-iso: debconf: falling back to frontend: Readline
    virtualbox-iso: debconf: unable to initialize frontend: Readline
    virtualbox-iso: debconf: (This frontend requires a controlling tty.)
    virtualbox-iso: debconf: falling back to frontend: Teletype
    virtualbox-iso: dpkg-preconfigure: unable to re-open stdin:
    virtualbox-iso: Fetched 1,824 kB in 20s (87.2 kB/s)
    virtualbox-iso: Selecting previously unselected package fontconfig.
    virtualbox-iso: (Reading database ... 67503 files and directories currently installed.)
    virtualbox-iso: Preparing to unpack .../fontconfig_2.11.0-0ubuntu4.2_amd64.deb ...
    virtualbox-iso: Unpacking fontconfig (2.11.0-0ubuntu4.2) ...
    virtualbox-iso: Selecting previously unselected package libexpat1-dev:amd64.
    virtualbox-iso: Preparing to unpack .../libexpat1-dev_2.1.0-4ubuntu1.3_amd64.deb ...
    virtualbox-iso: Unpacking libexpat1-dev:amd64 (2.1.0-4ubuntu1.3) ...
    virtualbox-iso: Selecting previously unselected package libpng12-dev.
    virtualbox-iso: Preparing to unpack .../libpng12-dev_1.2.50-1ubuntu2.14.04.2_amd64.deb ...
    virtualbox-iso: Unpacking libpng12-dev (1.2.50-1ubuntu2.14.04.2) ...
    virtualbox-iso: Selecting previously unselected package libfreetype6-dev.
    virtualbox-iso: Preparing to unpack .../libfreetype6-dev_2.5.2-1ubuntu2.5_amd64.deb ...
    virtualbox-iso: Unpacking libfreetype6-dev (2.5.2-1ubuntu2.5) ...
    virtualbox-iso: Selecting previously unselected package pkg-config.
    virtualbox-iso: Preparing to unpack .../pkg-config_0.26-1ubuntu4_amd64.deb ...
    virtualbox-iso: Unpacking pkg-config (0.26-1ubuntu4) ...
    virtualbox-iso: Selecting previously unselected package libfontconfig1-dev.
    virtualbox-iso: Preparing to unpack .../libfontconfig1-dev_2.11.0-0ubuntu4.2_amd64.deb ...
    virtualbox-iso: Unpacking libfontconfig1-dev (2.11.0-0ubuntu4.2) ...
    virtualbox-iso: Processing triggers for man-db (2.6.7.1-1ubuntu1) ...
    virtualbox-iso: Setting up fontconfig (2.11.0-0ubuntu4.2) ...
    virtualbox-iso: Regenerating fonts cache... done.
    virtualbox-iso: Setting up libexpat1-dev:amd64 (2.1.0-4ubuntu1.3) ...
    virtualbox-iso: Setting up libpng12-dev (1.2.50-1ubuntu2.14.04.2) ...
    virtualbox-iso: Setting up libfreetype6-dev (2.5.2-1ubuntu2.5) ...
    virtualbox-iso: Setting up pkg-config (0.26-1ubuntu4) ...
    virtualbox-iso: Setting up libfontconfig1-dev (2.11.0-0ubuntu4.2) ...
    virtualbox-iso: Reading package lists...
    virtualbox-iso: Building dependency tree...
    virtualbox-iso: Reading state information...
    virtualbox-iso: The following extra packages will be installed:
    virtualbox-iso: libruby1.9.1 libyaml-0-2 ruby1.9.1
    virtualbox-iso: Suggested packages:
    virtualbox-iso: ri ruby-dev ruby1.9.1-examples ri1.9.1 graphviz ruby1.9.1-dev ruby-switch
    virtualbox-iso: The following NEW packages will be installed:
    virtualbox-iso: libruby1.9.1 libyaml-0-2 ruby ruby1.9.1
    virtualbox-iso: 0 upgraded, 4 newly installed, 0 to remove and 3 not upgraded.
    virtualbox-iso: Need to get 2,734 kB of archives.
    virtualbox-iso: After this operation, 12.9 MB of additional disk space will be used.
    virtualbox-iso: Get:1 http://us.archive.ubuntu.com/ubuntu/ trusty-updates/main libyaml-0-2 amd64 0.1.4-3ubuntu3.1 [48.1 kB]
    virtualbox-iso: Get:2 http://us.archive.ubuntu.com/ubuntu/ trusty/main ruby all 1:1.9.3.4 [5,334 B]
    virtualbox-iso: Get:3 http://us.archive.ubuntu.com/ubuntu/ trusty-updates/main ruby1.9.1 amd64 1.9.3.484-2ubuntu1.2 [35.6 kB]
    virtualbox-iso: Get:4 http://us.archive.ubuntu.com/ubuntu/ trusty-updates/main libruby1.9.1 amd64 1.9.3.484-2ubuntu1.2 [2,645 kB]
    virtualbox-iso: debconf: unable to initialize frontend: Dialog
    virtualbox-iso: debconf: (Dialog frontend will not work on a dumb terminal, an emacs shell buffer, or without a controlling terminal.)
    virtualbox-iso: debconf: falling back to frontend: Readline
    virtualbox-iso: debconf: unable to initialize frontend: Readline
    virtualbox-iso: debconf: (This frontend requires a controlling tty.)
    virtualbox-iso: debconf: falling back to frontend: Teletype
    virtualbox-iso: dpkg-preconfigure: unable to re-open stdin:
    virtualbox-iso: Fetched 2,734 kB in 12s (211 kB/s)
    virtualbox-iso: Selecting previously unselected package libyaml-0-2:amd64.
    virtualbox-iso: (Reading database ... 68161 files and directories currently installed.)
    virtualbox-iso: Preparing to unpack .../libyaml-0-2_0.1.4-3ubuntu3.1_amd64.deb ...
    virtualbox-iso: Unpacking libyaml-0-2:amd64 (0.1.4-3ubuntu3.1) ...
    virtualbox-iso: Selecting previously unselected package ruby.
    virtualbox-iso: Preparing to unpack .../ruby_1%3a1.9.3.4_all.deb ...
    virtualbox-iso: Unpacking ruby (1:1.9.3.4) ...
    virtualbox-iso: Selecting previously unselected package ruby1.9.1.
    virtualbox-iso: Preparing to unpack .../ruby1.9.1_1.9.3.484-2ubuntu1.2_amd64.deb ...
    virtualbox-iso: Unpacking ruby1.9.1 (1.9.3.484-2ubuntu1.2) ...
    virtualbox-iso: Selecting previously unselected package libruby1.9.1.
    virtualbox-iso: Preparing to unpack .../libruby1.9.1_1.9.3.484-2ubuntu1.2_amd64.deb ...
    virtualbox-iso: Unpacking libruby1.9.1 (1.9.3.484-2ubuntu1.2) ...
    virtualbox-iso: Processing triggers for man-db (2.6.7.1-1ubuntu1) ...
    virtualbox-iso: Setting up libyaml-0-2:amd64 (0.1.4-3ubuntu3.1) ...
    virtualbox-iso: Setting up ruby (1:1.9.3.4) ...
    virtualbox-iso: Setting up ruby1.9.1 (1.9.3.484-2ubuntu1.2) ...
    virtualbox-iso: Setting up libruby1.9.1 (1.9.3.484-2ubuntu1.2) ...
    virtualbox-iso: Processing triggers for libc-bin (2.19-0ubuntu6.9) ...
    virtualbox-iso: Successfully installed sass-3.4.22
    virtualbox-iso: 1 gem installed
    virtualbox-iso: Installing ri documentation for sass-3.4.22...
    virtualbox-iso: Installing RDoc documentation for sass-3.4.22...
    virtualbox-iso: /usr/bin/grunt -> /usr/lib/node_modules/grunt-cli/bin/grunt
    virtualbox-iso: grunt-cli@1.2.0 /usr/lib/node_modules/grunt-cli
    virtualbox-iso: ├── grunt-known-options@1.1.0
    virtualbox-iso: ├── resolve@1.1.7
    virtualbox-iso: ├── nopt@3.0.6 (abbrev@1.0.9)
    virtualbox-iso: └── findup-sync@0.3.0 (glob@5.0.15)
    virtualbox-iso: sigmund@1.0.1 /usr/lib/node_modules/sigmund
    virtualbox-iso:
    virtualbox-iso: lru-cache@4.0.1 /usr/lib/node_modules/lru-cache
    virtualbox-iso: ├── pseudomap@1.0.2
    virtualbox-iso: └── yallist@2.0.0
    virtualbox-iso: batch@0.5.3 /usr/lib/node_modules/batch
    virtualbox-iso:
    virtualbox-iso: accepts@1.3.3 /usr/lib/node_modules/accepts
    virtualbox-iso: ├── negotiator@0.6.1
    virtualbox-iso: └── mime-types@2.1.11 (mime-db@1.23.0)
    virtualbox-iso: qunitjs@2.0.1 /usr/lib/node_modules/qunitjs
    virtualbox-iso: * Reloading nginx configuration nginx
    virtualbox-iso: ...done.
    virtualbox-iso: Environment is ready, you should fork and clone the repo now.
==> virtualbox-iso: Provisioning with shell script: scripts/cleanup.sh
    virtualbox-iso: dd: error writing ‘/EMPTY’: No space left on device
    virtualbox-iso: 7024+0 records in
    virtualbox-iso: 7023+0 records out
    virtualbox-iso: 7364296704 bytes (7.4 GB) copied, 31.9822 s, 230 MB/s
==> virtualbox-iso: Gracefully halting virtual machine...
==> virtualbox-iso: Preparing to export machine...
    virtualbox-iso: Deleting forwarded port mapping for the communicator (SSH, WinRM, etc) (host port 3196)
==> virtualbox-iso: Exporting virtual machine...
    virtualbox-iso: Executing: export ubuntu-14.04.4-server-amd64 --output output-virtualbox-iso/ubuntu-14.04.4-server-amd64.ovf
==> virtualbox-iso: Unregistering and deleting virtual machine...
==> virtualbox-iso: Running post-processor: vagrant
==> virtualbox-iso (vagrant): Creating Vagrant box for 'virtualbox' provider
    virtualbox-iso (vagrant): Copying from artifact: output-virtualbox-iso/ubuntu-14.04.4-server-amd64-disk1.vmdk
    virtualbox-iso (vagrant): Copying from artifact: output-virtualbox-iso/ubuntu-14.04.4-server-amd64.ovf
    virtualbox-iso (vagrant): Renaming the OVF to box.ovf...
    virtualbox-iso (vagrant): Compressing: Vagrantfile
    virtualbox-iso (vagrant): Compressing: box.ovf
    virtualbox-iso (vagrant): Compressing: metadata.json
    virtualbox-iso (vagrant): Compressing: ubuntu-14.04.4-server-amd64-disk1.vmdk
Build 'virtualbox-iso' finished.

==> Builds finished. The artifacts of successful builds are:
--> virtualbox-iso: 'virtualbox' provider box: virtualbox/ubuntu-14.04.4-server-amd64-appserver_virtualbox.box
➜  packer-templates git:(master) ✗ 